2020-12-26 15:19:21:339  [ Thread-6:0 ] - [ INFO ]  The TCP Server is running.
2020-12-26 15:19:21:339  [ Thread-7:0 ] - [ INFO ]  pause
2020-12-26 15:19:21:339  [ JavaFX Application Thread:0 ] - [ INFO ]  TcpServer start!
2020-12-26 15:19:21:341  [ JavaFX Application Thread:2 ] - [ INFO ]  powerConnectedBtnOnClick!
2020-12-26 15:19:23:434  [ Thread-6:2095 ] - [ INFO ]  Server Thread starts!
2020-12-26 15:19:23:434  [ pool-2-thread-1:2095 ] - [ INFO ]  Server Handler Thread starts!
2020-12-26 15:19:23:434  [ pool-2-thread-1:2095 ] - [ INFO ]  Attempting to connect a user...
2020-12-26 15:19:23:435  [ pool-2-thread-1:2096 ] - [ INFO ]  User's Addr : 192.168.5.10:49919
2020-12-26 15:19:24:298  [ pool-2-thread-1:2959 ] - [ INFO ]  采集到的数据是FFFF0BCCDD0CFFF1DD010F100246011ECF12DD
2020-12-26 15:19:24:299  [ pool-2-thread-1:2960 ] - [ INFO ]  pool-2-thread-1服务器接收数据，目前总共有1个；
2020-12-26 15:19:24:307  [ Thread-7:2968 ] - [ INFO ]  pause
2020-12-26 15:19:30:865  [ pool-2-thread-1:9526 ] - [ INFO ]  采集到的数据是FFFF0BCCDD0CFFF1DD010F100246011ECF12DD
2020-12-26 15:19:30:866  [ pool-2-thread-1:9527 ] - [ INFO ]  pool-2-thread-1服务器接收数据，目前总共有1个；
2020-12-26 15:19:30:866  [ Thread-7:9527 ] - [ INFO ]  pause
2020-12-26 15:19:30:993  [ pool-2-thread-1:9654 ] - [ INFO ]  采集到的数据是FFFF0BCCDD0CFFF1DD010F100246011ECF12DD
2020-12-26 15:19:30:993  [ pool-2-thread-1:9654 ] - [ INFO ]  pool-2-thread-1服务器接收数据，目前总共有1个；
2020-12-26 15:19:30:994  [ Thread-7:9655 ] - [ INFO ]  pause
2020-12-26 15:19:31:145  [ pool-2-thread-1:9806 ] - [ INFO ]  采集到的数据是FFFF0BCCDD0CFFF1DD010F100246011ECF12DD
2020-12-26 15:19:31:145  [ pool-2-thread-1:9806 ] - [ INFO ]  pool-2-thread-1服务器接收数据，目前总共有1个；
2020-12-26 15:19:31:146  [ Thread-7:9807 ] - [ INFO ]  pause
2020-12-26 15:19:31:305  [ pool-2-thread-1:9966 ] - [ INFO ]  采集到的数据是FFFF0BCCDD0CFFF1DD010F100246011ECF12DD
2020-12-26 15:19:31:305  [ pool-2-thread-1:9966 ] - [ INFO ]  pool-2-thread-1服务器接收数据，目前总共有1个；
2020-12-26 15:19:31:305  [ Thread-7:9966 ] - [ INFO ]  pause
2020-12-26 15:19:31:441  [ pool-2-thread-1:10102 ] - [ INFO ]  采集到的数据是FFFF0BCCDD0CFFF1DD010F100246011ECF12DD
2020-12-26 15:19:31:441  [ pool-2-thread-1:10102 ] - [ INFO ]  pool-2-thread-1服务器接收数据，目前总共有1个；
2020-12-26 15:19:31:442  [ Thread-7:10103 ] - [ INFO ]  pause
2020-12-26 15:19:31:721  [ pool-2-thread-1:10382 ] - [ INFO ]  采集到的数据是FFFF0BCCDD0CFFF1DD010F100246011ECF12DD
2020-12-26 15:19:31:721  [ pool-2-thread-1:10382 ] - [ INFO ]  pool-2-thread-1服务器接收数据，目前总共有1个；
2020-12-26 15:19:31:721  [ Thread-7:10382 ] - [ INFO ]  pause
2020-12-26 15:19:31:857  [ pool-2-thread-1:10518 ] - [ INFO ]  采集到的数据是FFFF0BCCDD0CFFF1DD010F100246011ECF12DD
2020-12-26 15:19:31:857  [ pool-2-thread-1:10518 ] - [ INFO ]  pool-2-thread-1服务器接收数据，目前总共有1个；
2020-12-26 15:19:31:858  [ Thread-7:10519 ] - [ INFO ]  pause
2020-12-26 15:19:32:009  [ pool-2-thread-1:10670 ] - [ INFO ]  采集到的数据是FFFF0BCCDD0CFFF1DD010F100246011ECF12DD
2020-12-26 15:19:32:010  [ pool-2-thread-1:10671 ] - [ INFO ]  pool-2-thread-1服务器接收数据，目前总共有1个；
2020-12-26 15:19:32:010  [ Thread-7:10671 ] - [ INFO ]  pause
2020-12-26 15:19:32:161  [ pool-2-thread-1:10822 ] - [ INFO ]  采集到的数据是FFFF0BCCDD0CFFF1DD010F100246011ECF12DD
2020-12-26 15:19:32:161  [ pool-2-thread-1:10822 ] - [ INFO ]  pool-2-thread-1服务器接收数据，目前总共有1个；
2020-12-26 15:19:32:162  [ Thread-7:10823 ] - [ INFO ]  pause
2020-12-26 15:19:32:306  [ pool-2-thread-1:10967 ] - [ INFO ]  采集到的数据是FFFF0BCCDD0CFFF1DD010F100246011ECF12DD
2020-12-26 15:19:32:306  [ pool-2-thread-1:10967 ] - [ INFO ]  pool-2-thread-1服务器接收数据，目前总共有1个；
2020-12-26 15:19:32:307  [ Thread-7:10968 ] - [ INFO ]  pause
2020-12-26 15:19:32:448  [ pool-2-thread-1:11109 ] - [ INFO ]  采集到的数据是FFFF0BCCDD0CFFF1DD010F100246011ECF12DD
2020-12-26 15:19:32:449  [ pool-2-thread-1:11110 ] - [ INFO ]  pool-2-thread-1服务器接收数据，目前总共有1个；
2020-12-26 15:19:32:449  [ Thread-7:11110 ] - [ INFO ]  pause
2020-12-26 15:19:32:594  [ pool-2-thread-1:11255 ] - [ INFO ]  采集到的数据是FFFF0BCCDD0CFFF1DD010F100246011ECF12DD
2020-12-26 15:19:32:594  [ pool-2-thread-1:11255 ] - [ INFO ]  pool-2-thread-1服务器接收数据，目前总共有1个；
2020-12-26 15:19:32:594  [ Thread-7:11255 ] - [ INFO ]  pause
2020-12-26 15:19:32:737  [ pool-2-thread-1:11398 ] - [ INFO ]  采集到的数据是FFFF0BCCDD0CFFF1DD010F100246011ECF12DD
2020-12-26 15:19:32:738  [ pool-2-thread-1:11399 ] - [ INFO ]  pool-2-thread-1服务器接收数据，目前总共有1个；
2020-12-26 15:19:32:738  [ Thread-7:11399 ] - [ INFO ]  pause
2020-12-26 15:19:32:872  [ pool-2-thread-1:11533 ] - [ INFO ]  采集到的数据是FFFF0BCCDD0CFFF1DD010F100246011ECF12DD
2020-12-26 15:19:32:873  [ pool-2-thread-1:11534 ] - [ INFO ]  pool-2-thread-1服务器接收数据，目前总共有1个；
2020-12-26 15:19:32:873  [ Thread-7:11534 ] - [ INFO ]  pause
2020-12-26 15:19:33:017  [ pool-2-thread-1:11678 ] - [ INFO ]  采集到的数据是FFFF0BCCDD0CFFF1DD010F100246011ECF12DD
2020-12-26 15:19:33:018  [ pool-2-thread-1:11679 ] - [ INFO ]  pool-2-thread-1服务器接收数据，目前总共有1个；
2020-12-26 15:19:33:018  [ Thread-7:11679 ] - [ INFO ]  pause
2020-12-26 15:19:33:160  [ pool-2-thread-1:11821 ] - [ INFO ]  采集到的数据是FFFF0BCCDD0CFFF1DD010F100246011ECF12DD
2020-12-26 15:19:33:161  [ pool-2-thread-1:11822 ] - [ INFO ]  pool-2-thread-1服务器接收数据，目前总共有1个；
2020-12-26 15:19:33:161  [ Thread-7:11822 ] - [ INFO ]  pause
2020-12-26 15:19:33:305  [ pool-2-thread-1:11966 ] - [ INFO ]  采集到的数据是FFFF0BCCDD0CFFF1DD010F100246011ECF12DD
2020-12-26 15:19:33:305  [ pool-2-thread-1:11966 ] - [ INFO ]  pool-2-thread-1服务器接收数据，目前总共有1个；
2020-12-26 15:19:33:305  [ Thread-7:11966 ] - [ INFO ]  pause
2020-12-26 15:19:33:449  [ pool-2-thread-1:12110 ] - [ INFO ]  采集到的数据是FFFF0BCCDD0CFFF1DD010F100246011ECF12DD
2020-12-26 15:19:33:450  [ pool-2-thread-1:12111 ] - [ INFO ]  pool-2-thread-1服务器接收数据，目前总共有1个；
2020-12-26 15:19:33:450  [ Thread-7:12111 ] - [ INFO ]  pause
2020-12-26 15:19:33:600  [ pool-2-thread-1:12261 ] - [ INFO ]  采集到的数据是FFFF0BCCDD0CFFF1DD010F100246011ECF12DD
2020-12-26 15:19:33:601  [ pool-2-thread-1:12262 ] - [ INFO ]  pool-2-thread-1服务器接收数据，目前总共有1个；
2020-12-26 15:19:33:601  [ Thread-7:12262 ] - [ INFO ]  pause
2020-12-26 15:19:33:753  [ pool-2-thread-1:12414 ] - [ INFO ]  采集到的数据是FFFF0BCCDD0CFFF1DD010F100246011ECF12DD
2020-12-26 15:19:33:753  [ pool-2-thread-1:12414 ] - [ INFO ]  pool-2-thread-1服务器接收数据，目前总共有1个；
2020-12-26 15:19:33:754  [ Thread-7:12415 ] - [ INFO ]  pause
2020-12-26 15:19:33:905  [ pool-2-thread-1:12566 ] - [ INFO ]  采集到的数据是FFFF0BCCDD0CFFF1DD010F100246011ECF12DD
2020-12-26 15:19:33:905  [ pool-2-thread-1:12566 ] - [ INFO ]  pool-2-thread-1服务器接收数据，目前总共有1个；
2020-12-26 15:19:33:905  [ Thread-7:12566 ] - [ INFO ]  pause
2020-12-26 15:19:34:057  [ pool-2-thread-1:12718 ] - [ INFO ]  采集到的数据是FFFF0BCCDD0CFFF1DD010F100246011ECF12DD
2020-12-26 15:19:34:057  [ pool-2-thread-1:12718 ] - [ INFO ]  pool-2-thread-1服务器接收数据，目前总共有1个；
2020-12-26 15:19:34:057  [ Thread-7:12718 ] - [ INFO ]  pause
2020-12-26 15:19:34:209  [ pool-2-thread-1:12870 ] - [ INFO ]  采集到的数据是FFFF0BCCDD0CFFF1DD010F100246011ECF12DD
2020-12-26 15:19:34:209  [ pool-2-thread-1:12870 ] - [ INFO ]  pool-2-thread-1服务器接收数据，目前总共有1个；
2020-12-26 15:19:34:210  [ Thread-7:12871 ] - [ INFO ]  pause
2020-12-26 15:19:34:361  [ pool-2-thread-1:13022 ] - [ INFO ]  采集到的数据是FFFF0BCCDD0CFFF1DD010F100246011ECF12DD
2020-12-26 15:19:34:361  [ pool-2-thread-1:13022 ] - [ INFO ]  pool-2-thread-1服务器接收数据，目前总共有1个；
2020-12-26 15:19:34:361  [ Thread-7:13022 ] - [ INFO ]  pause
2020-12-26 15:34:35:355  [ Thread-6:0 ] - [ INFO ]  The TCP Server is running.
2020-12-26 15:34:35:356  [ JavaFX Application Thread:1 ] - [ INFO ]  TcpServer start!
2020-12-26 15:34:35:356  [ JavaFX Application Thread:1 ] - [ INFO ]  powerConnectedBtnOnClick!
2020-12-26 15:34:35:356  [ Thread-7:1 ] - [ INFO ]  pause
2020-12-26 15:34:35:888  [ JavaFX Application Thread:533 ] - [ INFO ]  TcpServer Stopped!
2020-12-26 15:34:35:889  [ JavaFX Application Thread:534 ] - [ INFO ]  TcpServer server socket interrupted!
2020-12-26 15:34:35:890  [ Thread-6:535 ] - [ INFO ]  java.net.SocketException: socket closed
2020-12-26 15:34:35:890  [ Thread-6:535 ] - [ INFO ]  closeConnections() method Exit
2020-12-26 15:34:36:929  [ JavaFX Application Thread:1574 ] - [ INFO ]  TcpServer start!
2020-12-26 15:34:36:930  [ JavaFX Application Thread:1575 ] - [ INFO ]  powerConnectedBtnOnClick!
2020-12-26 15:34:36:930  [ Thread-9:1575 ] - [ INFO ]  pause
2020-12-26 15:34:36:930  [ Thread-8:1575 ] - [ INFO ]  The TCP Server is running.
2020-12-26 15:34:37:329  [ JavaFX Application Thread:1974 ] - [ INFO ]  TcpServer Stopped!
2020-12-26 15:34:37:329  [ JavaFX Application Thread:1974 ] - [ INFO ]  TcpServer server socket interrupted!
2020-12-26 15:34:37:330  [ Thread-8:1975 ] - [ INFO ]  java.net.SocketException: socket closed
2020-12-26 15:34:37:330  [ Thread-8:1975 ] - [ INFO ]  closeConnections() method Exit
2020-12-26 15:34:37:752  [ JavaFX Application Thread:2397 ] - [ INFO ]  TcpServer start!
2020-12-26 15:34:37:753  [ Thread-10:2398 ] - [ INFO ]  The TCP Server is running.
2020-12-26 15:34:37:753  [ Thread-11:2398 ] - [ INFO ]  pause
2020-12-26 15:34:37:753  [ JavaFX Application Thread:2398 ] - [ INFO ]  powerConnectedBtnOnClick!
2020-12-26 15:34:37:904  [ JavaFX Application Thread:2549 ] - [ INFO ]  TcpServer Stopped!
2020-12-26 15:34:37:905  [ JavaFX Application Thread:2550 ] - [ INFO ]  TcpServer server socket interrupted!
2020-12-26 15:34:37:905  [ Thread-10:2550 ] - [ INFO ]  java.net.SocketException: socket closed
2020-12-26 15:34:37:906  [ Thread-10:2551 ] - [ INFO ]  closeConnections() method Exit
2020-12-26 15:34:38:057  [ JavaFX Application Thread:2702 ] - [ INFO ]  TcpServer start!
2020-12-26 15:34:38:058  [ JavaFX Application Thread:2703 ] - [ INFO ]  powerConnectedBtnOnClick!
2020-12-26 15:34:38:058  [ Thread-13:2703 ] - [ INFO ]  pause
2020-12-26 15:34:38:058  [ Thread-12:2703 ] - [ INFO ]  The TCP Server is running.
2020-12-26 15:34:38:209  [ JavaFX Application Thread:2854 ] - [ INFO ]  TcpServer Stopped!
2020-12-26 15:34:38:209  [ JavaFX Application Thread:2854 ] - [ INFO ]  TcpServer server socket interrupted!
2020-12-26 15:34:38:209  [ Thread-12:2854 ] - [ INFO ]  java.net.SocketException: socket closed
2020-12-26 15:34:38:209  [ Thread-12:2854 ] - [ INFO ]  closeConnections() method Exit
2020-12-26 15:34:38:329  [ JavaFX Application Thread:2974 ] - [ INFO ]  TcpServer start!
2020-12-26 15:34:38:329  [ Thread-14:2974 ] - [ INFO ]  The TCP Server is running.
2020-12-26 15:34:38:329  [ Thread-15:2974 ] - [ INFO ]  pause
2020-12-26 15:34:38:329  [ JavaFX Application Thread:2974 ] - [ INFO ]  powerConnectedBtnOnClick!
2020-12-26 15:34:38:481  [ JavaFX Application Thread:3126 ] - [ INFO ]  TcpServer Stopped!
2020-12-26 15:34:38:482  [ JavaFX Application Thread:3127 ] - [ INFO ]  TcpServer server socket interrupted!
2020-12-26 15:34:38:482  [ Thread-14:3127 ] - [ INFO ]  java.net.SocketException: socket closed
2020-12-26 15:34:38:482  [ Thread-14:3127 ] - [ INFO ]  closeConnections() method Exit
2020-12-26 15:34:38:625  [ Thread-16:3270 ] - [ INFO ]  The TCP Server is running.
2020-12-26 15:34:38:625  [ Thread-17:3270 ] - [ INFO ]  pause
2020-12-26 15:34:38:626  [ JavaFX Application Thread:3271 ] - [ INFO ]  TcpServer start!
2020-12-26 15:34:38:626  [ JavaFX Application Thread:3271 ] - [ INFO ]  powerConnectedBtnOnClick!
2020-12-26 15:34:38:761  [ JavaFX Application Thread:3406 ] - [ INFO ]  TcpServer Stopped!
2020-12-26 15:34:38:762  [ JavaFX Application Thread:3407 ] - [ INFO ]  TcpServer server socket interrupted!
2020-12-26 15:34:38:762  [ Thread-16:3407 ] - [ INFO ]  java.net.SocketException: socket closed
2020-12-26 15:34:38:762  [ Thread-16:3407 ] - [ INFO ]  closeConnections() method Exit
2020-12-26 15:34:39:105  [ JavaFX Application Thread:3750 ] - [ INFO ]  TcpServer start!
2020-12-26 15:34:39:105  [ JavaFX Application Thread:3750 ] - [ INFO ]  powerConnectedBtnOnClick!
2020-12-26 15:34:39:105  [ Thread-18:3750 ] - [ INFO ]  The TCP Server is running.
2020-12-26 15:34:39:105  [ Thread-19:3750 ] - [ INFO ]  pause
2020-12-26 15:34:39:736  [ JavaFX Application Thread:4381 ] - [ INFO ]  TcpServer Stopped!
2020-12-26 15:34:39:737  [ JavaFX Application Thread:4382 ] - [ INFO ]  TcpServer server socket interrupted!
2020-12-26 15:34:39:737  [ Thread-18:4382 ] - [ INFO ]  java.net.SocketException: socket closed
2020-12-26 15:34:39:737  [ Thread-18:4382 ] - [ INFO ]  closeConnections() method Exit
2020-12-26 15:34:39:905  [ JavaFX Application Thread:4550 ] - [ INFO ]  TcpServer start!
2020-12-26 15:34:39:906  [ JavaFX Application Thread:4551 ] - [ INFO ]  powerConnectedBtnOnClick!
2020-12-26 15:34:39:906  [ Thread-20:4551 ] - [ INFO ]  The TCP Server is running.
2020-12-26 15:34:39:906  [ Thread-21:4551 ] - [ INFO ]  pause
2020-12-26 15:34:40:057  [ JavaFX Application Thread:4702 ] - [ INFO ]  TcpServer Stopped!
2020-12-26 15:34:40:058  [ JavaFX Application Thread:4703 ] - [ INFO ]  TcpServer server socket interrupted!
2020-12-26 15:34:40:058  [ Thread-20:4703 ] - [ INFO ]  java.net.SocketException: socket closed
2020-12-26 15:34:40:058  [ Thread-20:4703 ] - [ INFO ]  closeConnections() method Exit
2020-12-26 15:34:40:193  [ JavaFX Application Thread:4838 ] - [ INFO ]  TcpServer start!
2020-12-26 15:34:40:193  [ JavaFX Application Thread:4838 ] - [ INFO ]  powerConnectedBtnOnClick!
2020-12-26 15:34:40:193  [ Thread-22:4838 ] - [ INFO ]  The TCP Server is running.
2020-12-26 15:34:40:193  [ Thread-23:4838 ] - [ INFO ]  pause
2020-12-26 15:34:40:337  [ JavaFX Application Thread:4982 ] - [ INFO ]  TcpServer Stopped!
2020-12-26 15:34:40:338  [ JavaFX Application Thread:4983 ] - [ INFO ]  TcpServer server socket interrupted!
2020-12-26 15:34:40:338  [ Thread-22:4983 ] - [ INFO ]  java.net.SocketException: socket closed
2020-12-26 15:34:40:338  [ Thread-22:4983 ] - [ INFO ]  closeConnections() method Exit
2020-12-26 15:34:40:481  [ JavaFX Application Thread:5126 ] - [ INFO ]  TcpServer start!
2020-12-26 15:34:40:481  [ JavaFX Application Thread:5126 ] - [ INFO ]  powerConnectedBtnOnClick!
2020-12-26 15:34:40:481  [ Thread-24:5126 ] - [ INFO ]  The TCP Server is running.
2020-12-26 15:34:40:481  [ Thread-25:5126 ] - [ INFO ]  pause
2020-12-26 15:34:40:625  [ JavaFX Application Thread:5270 ] - [ INFO ]  TcpServer Stopped!
2020-12-26 15:34:40:625  [ JavaFX Application Thread:5270 ] - [ INFO ]  TcpServer server socket interrupted!
2020-12-26 15:34:40:625  [ Thread-24:5270 ] - [ INFO ]  java.net.SocketException: socket closed
2020-12-26 15:34:40:625  [ Thread-24:5270 ] - [ INFO ]  closeConnections() method Exit
2020-12-26 15:34:41:017  [ JavaFX Application Thread:5662 ] - [ INFO ]  TcpServer start!
2020-12-26 15:34:41:017  [ JavaFX Application Thread:5662 ] - [ INFO ]  powerConnectedBtnOnClick!
2020-12-26 15:34:41:017  [ Thread-26:5662 ] - [ INFO ]  The TCP Server is running.
2020-12-26 15:34:41:017  [ Thread-27:5662 ] - [ INFO ]  pause
2020-12-26 15:54:36:857  [ Thread-6:0 ] - [ INFO ]  The TCP Server is running.
2020-12-26 15:54:36:857  [ JavaFX Application Thread:0 ] - [ INFO ]  TcpServer start!
2020-12-26 15:54:36:858  [ JavaFX Application Thread:1 ] - [ INFO ]  powerConnectedBtnOnClick!
2020-12-26 15:54:36:858  [ Thread-7:1 ] - [ INFO ]  pause
2020-12-26 15:54:37:281  [ JavaFX Application Thread:424 ] - [ INFO ]  TcpServer Stopped!
2020-12-26 15:54:37:281  [ JavaFX Application Thread:424 ] - [ INFO ]  TcpServer server socket interrupted!
2020-12-26 15:54:37:281  [ Thread-6:424 ] - [ INFO ]  java.net.SocketException: socket closed
2020-12-26 15:54:37:281  [ Thread-6:424 ] - [ INFO ]  closeConnections() method Exit
2020-12-26 16:26:07:946  [ Thread-6:0 ] - [ INFO ]  The TCP Server is running.
2020-12-26 16:26:07:947  [ JavaFX Application Thread:1 ] - [ INFO ]  TcpServer start!
2020-12-26 16:26:07:947  [ JavaFX Application Thread:1 ] - [ INFO ]  powerConnectedBtnOnClick!
2020-12-26 16:26:07:947  [ Thread-7:1 ] - [ INFO ]  pause
2020-12-26 16:26:12:770  [ Thread-6:4824 ] - [ INFO ]  Server Thread starts!
2020-12-26 16:26:12:770  [ pool-2-thread-1:4824 ] - [ INFO ]  Server Handler Thread starts!
2020-12-26 16:26:12:770  [ pool-2-thread-1:4824 ] - [ INFO ]  Attempting to connect a user...
2020-12-26 16:26:12:771  [ pool-2-thread-1:4825 ] - [ INFO ]  User's Addr : 192.168.5.10:51106
2020-12-26 16:26:14:545  [ pool-2-thread-1:6599 ] - [ INFO ]  采集到的数据是FFFF0BCCDD0CFFF1DD010F100246011ECF12DD
2020-12-26 16:26:14:545  [ pool-2-thread-1:6599 ] - [ INFO ]  pool-2-thread-1服务器接收数据，目前总共有1个；
2020-12-26 16:26:14:550  [ Thread-7:6604 ] - [ INFO ]  /192.168.5.10:51106
2020-12-26 16:26:14:550  [ Thread-7:6604 ] - [ INFO ]  pause
2020-12-26 16:26:26:657  [ pool-2-thread-1:18711 ] - [ INFO ]  采集到的数据是FFFF0BCCDD0CFFF1DD010F100246011ECF12DD
2020-12-26 16:26:26:658  [ pool-2-thread-1:18712 ] - [ INFO ]  pool-2-thread-1服务器接收数据，目前总共有1个；
2020-12-26 16:26:55:410  [ Thread-7:47464 ] - [ INFO ]  /192.168.5.10:51106
2020-12-26 16:27:11:202  [ Thread-7:63256 ] - [ INFO ]  pause
2020-12-26 16:27:16:297  [ Thread-6:0 ] - [ INFO ]  The TCP Server is running.
2020-12-26 16:27:16:304  [ JavaFX Application Thread:7 ] - [ INFO ]  TcpServer start!
2020-12-26 16:27:16:304  [ JavaFX Application Thread:7 ] - [ INFO ]  powerConnectedBtnOnClick!
2020-12-26 16:27:16:304  [ Thread-7:7 ] - [ INFO ]  pause
2020-12-26 16:27:18:770  [ Thread-6:2473 ] - [ INFO ]  Server Thread starts!
2020-12-26 16:27:18:770  [ pool-2-thread-1:2473 ] - [ INFO ]  Server Handler Thread starts!
2020-12-26 16:27:18:770  [ pool-2-thread-1:2473 ] - [ INFO ]  Attempting to connect a user...
2020-12-26 16:27:18:771  [ pool-2-thread-1:2474 ] - [ INFO ]  User's Addr : 192.168.5.10:51116
2020-12-26 16:27:19:841  [ pool-2-thread-1:3544 ] - [ INFO ]  采集到的数据是FFFF0BCCDD0CFFF1DD010F100246011ECF12DD
2020-12-26 16:27:19:842  [ pool-2-thread-1:3545 ] - [ INFO ]  pool-2-thread-1服务器接收数据，目前总共有1个；
2020-12-26 16:27:23:635  [ Thread-7:7338 ] - [ INFO ]  pause
2020-12-26 16:31:10:914  [ Thread-6:0 ] - [ INFO ]  The TCP Server is running.
2020-12-26 16:31:10:915  [ JavaFX Application Thread:1 ] - [ INFO ]  TcpServer start!
2020-12-26 16:31:10:915  [ JavaFX Application Thread:1 ] - [ INFO ]  powerConnectedBtnOnClick!
2020-12-26 16:31:10:915  [ Thread-7:1 ] - [ INFO ]  pause
2020-12-26 16:31:13:370  [ Thread-6:2456 ] - [ INFO ]  Server Thread starts!
2020-12-26 16:31:13:370  [ pool-2-thread-1:2456 ] - [ INFO ]  Server Handler Thread starts!
2020-12-26 16:31:13:371  [ pool-2-thread-1:2457 ] - [ INFO ]  Attempting to connect a user...
2020-12-26 16:31:13:371  [ pool-2-thread-1:2457 ] - [ INFO ]  User's Addr : 192.168.5.10:51137
2020-12-26 16:31:16:001  [ pool-2-thread-1:5087 ] - [ INFO ]  采集到的数据是FFFF0BCCDD0CFFF1DD010F100246011ECF12DD
2020-12-26 16:31:16:001  [ pool-2-thread-1:5087 ] - [ INFO ]  pool-2-thread-1服务器接收数据，目前总共有1个；
2020-12-26 16:31:16:006  [ Thread-7:5092 ] - [ INFO ]  pause
2020-12-26 16:34:03:458  [ Thread-6:0 ] - [ INFO ]  The TCP Server is running.
2020-12-26 16:34:03:458  [ Thread-7:0 ] - [ INFO ]  pause
2020-12-26 16:34:03:458  [ JavaFX Application Thread:0 ] - [ INFO ]  TcpServer start!
2020-12-26 16:34:03:459  [ JavaFX Application Thread:1 ] - [ INFO ]  powerConnectedBtnOnClick!
2020-12-26 16:34:07:058  [ Thread-6:3600 ] - [ INFO ]  Server Thread starts!
2020-12-26 16:34:07:059  [ pool-2-thread-1:3601 ] - [ INFO ]  Server Handler Thread starts!
2020-12-26 16:34:07:059  [ pool-2-thread-1:3601 ] - [ INFO ]  Attempting to connect a user...
2020-12-26 16:34:07:059  [ pool-2-thread-1:3601 ] - [ INFO ]  User's Addr : 192.168.5.10:51181
2020-12-26 16:34:08:129  [ pool-2-thread-1:4671 ] - [ INFO ]  采集到的数据是FFFF0BCCDD0CFFF1DD010F100246011ECF12DD
2020-12-26 16:34:08:129  [ pool-2-thread-1:4671 ] - [ INFO ]  pool-2-thread-1服务器接收数据，目前总共有1个；
2020-12-26 16:34:08:134  [ Thread-7:4676 ] - [ INFO ]  pause
2020-12-26 16:34:13:065  [ pool-2-thread-1:9607 ] - [ INFO ]  采集到的数据是FFFF0BCCDD0CFFF1DD010F100246011ECF12DD
2020-12-26 16:34:13:065  [ pool-2-thread-1:9607 ] - [ INFO ]  pool-2-thread-1服务器接收数据，目前总共有1个；
2020-12-26 16:34:13:065  [ Thread-7:9607 ] - [ INFO ]  pause
2020-12-26 16:34:13:217  [ pool-2-thread-1:9759 ] - [ INFO ]  采集到的数据是FFFF0BCCDD0CFFF1DD010F100246011ECF12DD
2020-12-26 16:34:13:217  [ pool-2-thread-1:9759 ] - [ INFO ]  pool-2-thread-1服务器接收数据，目前总共有1个；
2020-12-26 16:34:13:218  [ Thread-7:9760 ] - [ INFO ]  pause
2020-12-26 16:34:13:377  [ pool-2-thread-1:9919 ] - [ INFO ]  采集到的数据是FFFF0BCCDD0CFFF1DD010F100246011ECF12DD
2020-12-26 16:34:13:377  [ pool-2-thread-1:9919 ] - [ INFO ]  pool-2-thread-1服务器接收数据，目前总共有1个；
2020-12-26 16:34:13:377  [ Thread-7:9919 ] - [ INFO ]  pause
2020-12-26 16:34:13:505  [ pool-2-thread-1:10047 ] - [ INFO ]  采集到的数据是FFFF0BCCDD0CFFF1DD010F100246011ECF12DD
2020-12-26 16:34:13:505  [ pool-2-thread-1:10047 ] - [ INFO ]  pool-2-thread-1服务器接收数据，目前总共有1个；
2020-12-26 16:34:13:505  [ Thread-7:10047 ] - [ INFO ]  pause
2020-12-26 16:34:25:290  [ Thread-6:21832 ] - [ INFO ]  Server Thread starts!
2020-12-26 16:34:45:729  [ pool-2-thread-1:42271 ] - [ INFO ]  采集到的数据是FFFF0BCCDD0CFFF1DD010F100246011ECF12DD
2020-12-26 16:34:45:729  [ pool-2-thread-1:42271 ] - [ INFO ]  pool-2-thread-1服务器接收数据，目前总共有1个；
2020-12-26 16:34:45:731  [ Thread-7:42273 ] - [ INFO ]  pause
2020-12-26 16:34:48:033  [ pool-2-thread-1:44575 ] - [ INFO ]  采集到的数据是FFFF0BCCDD0CFFF1DD010F100246011ECF12DD
2020-12-26 16:34:48:033  [ pool-2-thread-1:44575 ] - [ INFO ]  pool-2-thread-1服务器接收数据，目前总共有1个；
2020-12-26 16:34:48:033  [ Thread-7:44575 ] - [ INFO ]  pause
2020-12-26 16:34:48:177  [ pool-2-thread-1:44719 ] - [ INFO ]  采集到的数据是FFFF0BCCDD0CFFF1DD010F100246011ECF12DD
2020-12-26 16:34:48:177  [ pool-2-thread-1:44719 ] - [ INFO ]  pool-2-thread-1服务器接收数据，目前总共有1个；
2020-12-26 16:34:48:178  [ Thread-7:44720 ] - [ INFO ]  pause
2020-12-26 16:34:48:305  [ pool-2-thread-1:44847 ] - [ INFO ]  采集到的数据是FFFF0BCCDD0CFFF1DD010F100246011ECF12DD
2020-12-26 16:34:48:305  [ pool-2-thread-1:44847 ] - [ INFO ]  pool-2-thread-1服务器接收数据，目前总共有1个；
2020-12-26 16:34:48:305  [ Thread-7:44847 ] - [ INFO ]  pause
2020-12-26 16:34:48:441  [ pool-2-thread-1:44983 ] - [ INFO ]  采集到的数据是FFFF0BCCDD0CFFF1DD010F100246011ECF12DD
2020-12-26 16:34:48:441  [ pool-2-thread-1:44983 ] - [ INFO ]  pool-2-thread-1服务器接收数据，目前总共有1个；
2020-12-26 16:34:48:442  [ Thread-7:44984 ] - [ INFO ]  pause
2020-12-26 16:34:54:770  [ Thread-6:51312 ] - [ INFO ]  Server Thread starts!
2020-12-26 16:35:00:617  [ pool-2-thread-1:57159 ] - [ INFO ]  采集到的数据是FFFF0BCCDD0CFFF1DD010F100246011ECF12DD
2020-12-26 16:35:00:618  [ pool-2-thread-1:57160 ] - [ INFO ]  pool-2-thread-1服务器接收数据，目前总共有1个；
2020-12-26 16:35:00:619  [ Thread-7:57161 ] - [ INFO ]  pause
2020-12-26 16:35:01:729  [ pool-2-thread-1:58271 ] - [ INFO ]  采集到的数据是FFFF0BCCDD0CFFF1DD010F100246011ECF12DD
2020-12-26 16:35:01:730  [ pool-2-thread-1:58272 ] - [ INFO ]  pool-2-thread-1服务器接收数据，目前总共有1个；
2020-12-26 16:35:01:730  [ Thread-7:58272 ] - [ INFO ]  pause
2020-12-26 16:35:01:865  [ pool-2-thread-1:58407 ] - [ INFO ]  采集到的数据是FFFF0BCCDD0CFFF1DD010F100246011ECF12DD
2020-12-26 16:35:01:865  [ pool-2-thread-1:58407 ] - [ INFO ]  pool-2-thread-1服务器接收数据，目前总共有1个；
2020-12-26 16:35:01:865  [ Thread-7:58407 ] - [ INFO ]  pause
2020-12-26 16:35:02:017  [ pool-2-thread-1:58559 ] - [ INFO ]  采集到的数据是FFFF0BCCDD0CFFF1DD010F100246011ECF12DD
2020-12-26 16:35:02:017  [ pool-2-thread-1:58559 ] - [ INFO ]  pool-2-thread-1服务器接收数据，目前总共有1个；
2020-12-26 16:35:02:017  [ Thread-7:58559 ] - [ INFO ]  pause
2020-12-26 16:35:20:729  [ pool-2-thread-1:77271 ] - [ INFO ]  采集到的数据是FFFF0BCCDD0CFFF1DD010F100246011ECF12DD
2020-12-26 16:35:20:729  [ pool-2-thread-1:77271 ] - [ INFO ]  pool-2-thread-1服务器接收数据，目前总共有1个；
2020-12-26 16:35:20:729  [ Thread-7:77271 ] - [ INFO ]  pause
2020-12-26 16:35:20:872  [ pool-2-thread-1:77414 ] - [ INFO ]  采集到的数据是FFFF0BCCDD0CFFF1DD010F100246011ECF12DD
2020-12-26 16:35:20:872  [ pool-2-thread-1:77414 ] - [ INFO ]  pool-2-thread-1服务器接收数据，目前总共有1个；
2020-12-26 16:35:20:873  [ Thread-7:77415 ] - [ INFO ]  pause
2020-12-26 16:35:21:114  [ pool-2-thread-1:77656 ] - [ INFO ]  采集到的数据是FFFF0BCCDD0CFFF1DD010F100246011ECF12DD
2020-12-26 16:35:21:114  [ pool-2-thread-1:77656 ] - [ INFO ]  pool-2-thread-1服务器接收数据，目前总共有1个；
2020-12-26 16:35:21:114  [ Thread-7:77656 ] - [ INFO ]  pause
2020-12-26 16:35:21:264  [ pool-2-thread-1:77806 ] - [ INFO ]  采集到的数据是FFFF0BCCDD0CFFF1DD010F100246011ECF12DD
2020-12-26 16:35:21:265  [ pool-2-thread-1:77807 ] - [ INFO ]  pool-2-thread-1服务器接收数据，目前总共有1个；
2020-12-26 16:35:21:265  [ Thread-7:77807 ] - [ INFO ]  pause
2020-12-26 16:35:21:392  [ pool-2-thread-1:77934 ] - [ INFO ]  采集到的数据是FFFF0BCCDD0CFFF1DD010F100246011ECF12DD
2020-12-26 16:35:21:393  [ pool-2-thread-1:77935 ] - [ INFO ]  pool-2-thread-1服务器接收数据，目前总共有1个；
2020-12-26 16:35:21:393  [ Thread-7:77935 ] - [ INFO ]  pause
2020-12-26 16:35:21:545  [ pool-2-thread-1:78087 ] - [ INFO ]  采集到的数据是FFFF0BCCDD0CFFF1DD010F100246011ECF12DD
2020-12-26 16:35:21:545  [ pool-2-thread-1:78087 ] - [ INFO ]  pool-2-thread-1服务器接收数据，目前总共有1个；
2020-12-26 16:35:21:545  [ Thread-7:78087 ] - [ INFO ]  pause
2020-12-26 16:35:21:681  [ pool-2-thread-1:78223 ] - [ INFO ]  采集到的数据是FFFF0BCCDD0CFFF1DD010F100246011ECF12DD
2020-12-26 16:35:21:681  [ pool-2-thread-1:78223 ] - [ INFO ]  pool-2-thread-1服务器接收数据，目前总共有1个；
2020-12-26 16:35:21:681  [ Thread-7:78223 ] - [ INFO ]  pause
2020-12-26 16:35:21:825  [ pool-2-thread-1:78367 ] - [ INFO ]  采集到的数据是FFFF0BCCDD0CFFF1DD010F100246011ECF12DD
2020-12-26 16:35:21:825  [ pool-2-thread-1:78367 ] - [ INFO ]  pool-2-thread-1服务器接收数据，目前总共有1个；
2020-12-26 16:35:21:826  [ Thread-7:78368 ] - [ INFO ]  pause
2020-12-26 16:35:21:961  [ pool-2-thread-1:78503 ] - [ INFO ]  采集到的数据是FFFF0BCCDD0CFFF1DD010F100246011ECF12DD
2020-12-26 16:35:21:961  [ pool-2-thread-1:78503 ] - [ INFO ]  pool-2-thread-1服务器接收数据，目前总共有1个；
2020-12-26 16:35:21:961  [ Thread-7:78503 ] - [ INFO ]  pause
2020-12-26 16:35:22:097  [ pool-2-thread-1:78639 ] - [ INFO ]  采集到的数据是FFFF0BCCDD0CFFF1DD010F100246011ECF12DD
2020-12-26 16:35:22:097  [ pool-2-thread-1:78639 ] - [ INFO ]  pool-2-thread-1服务器接收数据，目前总共有1个；
2020-12-26 16:35:22:097  [ Thread-7:78639 ] - [ INFO ]  pause
2020-12-26 16:35:22:249  [ pool-2-thread-1:78791 ] - [ INFO ]  采集到的数据是FFFF0BCCDD0CFFF1DD010F100246011ECF12DD
2020-12-26 16:35:22:249  [ pool-2-thread-1:78791 ] - [ INFO ]  pool-2-thread-1服务器接收数据，目前总共有1个；
2020-12-26 16:35:22:249  [ Thread-7:78791 ] - [ INFO ]  pause
2020-12-26 16:35:22:393  [ pool-2-thread-1:78935 ] - [ INFO ]  采集到的数据是FFFF0BCCDD0CFFF1DD010F100246011ECF12DD
2020-12-26 16:35:22:393  [ pool-2-thread-1:78935 ] - [ INFO ]  pool-2-thread-1服务器接收数据，目前总共有1个；
2020-12-26 16:35:22:393  [ Thread-7:78935 ] - [ INFO ]  pause
2020-12-26 16:36:51:994  [ Thread-6:0 ] - [ INFO ]  The TCP Server is running.
2020-12-26 16:36:51:995  [ JavaFX Application Thread:1 ] - [ INFO ]  TcpServer start!
2020-12-26 16:36:51:995  [ JavaFX Application Thread:1 ] - [ INFO ]  powerConnectedBtnOnClick!
2020-12-26 16:36:51:995  [ Thread-7:1 ] - [ INFO ]  pause
2020-12-26 16:36:52:146  [ Thread-6:152 ] - [ INFO ]  Server Thread starts!
2020-12-26 16:36:52:146  [ pool-2-thread-1:152 ] - [ INFO ]  Server Handler Thread starts!
2020-12-26 16:36:52:146  [ pool-2-thread-1:152 ] - [ INFO ]  Attempting to connect a user...
2020-12-26 16:36:52:146  [ pool-2-thread-1:152 ] - [ INFO ]  User's Addr : 192.168.5.10:51209
2020-12-26 16:36:55:201  [ pool-2-thread-1:3207 ] - [ INFO ]  采集到的数据是FFFF0BCCDD0CFFF1DD010F100246011ECF12DD
2020-12-26 16:36:55:201  [ pool-2-thread-1:3207 ] - [ INFO ]  pool-2-thread-1服务器接收数据，目前总共有1个；
2020-12-26 16:36:55:207  [ Thread-7:3213 ] - [ INFO ]  pause
2020-12-26 16:37:27:786  [ Thread-6:0 ] - [ INFO ]  The TCP Server is running.
2020-12-26 16:37:27:787  [ JavaFX Application Thread:1 ] - [ INFO ]  TcpServer start!
2020-12-26 16:37:27:787  [ JavaFX Application Thread:1 ] - [ INFO ]  powerConnectedBtnOnClick!
2020-12-26 16:37:27:787  [ Thread-7:1 ] - [ INFO ]  pause
2020-12-26 16:37:30:162  [ Thread-6:2376 ] - [ INFO ]  Server Thread starts!
2020-12-26 16:37:30:162  [ pool-2-thread-1:2376 ] - [ INFO ]  Server Handler Thread starts!
2020-12-26 16:37:30:162  [ pool-2-thread-1:2376 ] - [ INFO ]  Attempting to connect a user...
2020-12-26 16:37:30:163  [ pool-2-thread-1:2377 ] - [ INFO ]  User's Addr : 192.168.5.10:51219
2020-12-26 16:37:30:969  [ pool-2-thread-1:3183 ] - [ INFO ]  采集到的数据是FFFF0BCCDD0CFFF1DD010F100246011ECF12DD
2020-12-26 16:37:30:970  [ pool-2-thread-1:3184 ] - [ INFO ]  pool-2-thread-1服务器接收数据，目前总共有1个；
2020-12-26 16:37:30:974  [ Thread-7:3188 ] - [ INFO ]  pause
2020-12-26 16:37:32:305  [ pool-2-thread-1:4519 ] - [ INFO ]  采集到的数据是FFFF0BCCDD0CFFF1DD010F100246011ECF12DD
2020-12-26 16:37:32:305  [ pool-2-thread-1:4519 ] - [ INFO ]  pool-2-thread-1服务器接收数据，目前总共有1个；
2020-12-26 16:37:32:305  [ Thread-7:4519 ] - [ INFO ]  pause
2020-12-26 16:37:32:457  [ pool-2-thread-1:4671 ] - [ INFO ]  采集到的数据是FFFF0BCCDD0CFFF1DD010F100246011ECF12DD
2020-12-26 16:37:32:457  [ pool-2-thread-1:4671 ] - [ INFO ]  pool-2-thread-1服务器接收数据，目前总共有1个；
2020-12-26 16:37:32:458  [ Thread-7:4672 ] - [ INFO ]  pause
2020-12-26 16:37:39:826  [ Thread-6:12040 ] - [ INFO ]  Server Thread starts!
2020-12-26 16:37:47:235  [ pool-2-thread-1:19449 ] - [ INFO ]  采集到的数据是FFFF0BCCDD0CFFF1DD010F100246011ECF12DD
2020-12-26 16:37:47:235  [ pool-2-thread-1:19449 ] - [ INFO ]  pool-2-thread-1服务器接收数据，目前总共有1个；
2020-12-26 16:37:47:238  [ Thread-7:19452 ] - [ INFO ]  pause
2020-12-26 16:37:51:082  [ Thread-6:23296 ] - [ INFO ]  Server Thread starts!
2020-12-26 16:37:53:137  [ pool-2-thread-1:25351 ] - [ INFO ]  采集到的数据是FFFF0BCCDD0CFFF1DD010F100246011ECF12DD
2020-12-26 16:37:53:137  [ pool-2-thread-1:25351 ] - [ INFO ]  pool-2-thread-1服务器接收数据，目前总共有1个；
2020-12-26 16:37:53:139  [ Thread-7:25353 ] - [ INFO ]  pause
2020-12-26 16:54:00:682  [ Thread-6:0 ] - [ INFO ]  The TCP Server is running.
2020-12-26 16:54:00:682  [ JavaFX Application Thread:0 ] - [ INFO ]  TcpServer start!
2020-12-26 16:54:00:682  [ JavaFX Application Thread:0 ] - [ INFO ]  powerConnectedBtnOnClick!
2020-12-26 16:54:00:682  [ Thread-7:0 ] - [ INFO ]  pause
2020-12-26 16:54:04:610  [ Thread-6:3928 ] - [ INFO ]  Server Thread starts!
2020-12-26 16:54:04:610  [ pool-2-thread-1:3928 ] - [ INFO ]  Server Handler Thread starts!
2020-12-26 16:54:04:610  [ pool-2-thread-1:3928 ] - [ INFO ]  Attempting to connect a user...
2020-12-26 16:54:04:611  [ pool-2-thread-1:3929 ] - [ INFO ]  User's Addr : 192.168.5.10:51598
2020-12-26 16:54:05:450  [ pool-2-thread-1:4768 ] - [ INFO ]  采集到的数据是FFFF0BCCDD0CFFF1DD010F100246011ECF12DD
2020-12-26 16:54:05:450  [ pool-2-thread-1:4768 ] - [ INFO ]  pool-2-thread-1服务器接收数据，目前总共有1个；
2020-12-26 16:54:05:455  [ Thread-7:4773 ] - [ INFO ]  pause
2020-12-26 16:54:08:882  [ Thread-6:8200 ] - [ INFO ]  Server Thread starts!
2020-12-26 16:54:11:257  [ pool-2-thread-1:10575 ] - [ INFO ]  采集到的数据是FFFF0BCCDD0CFFF1DD010F100246011ECF12DD
2020-12-26 16:54:11:258  [ pool-2-thread-1:10576 ] - [ INFO ]  pool-2-thread-1服务器接收数据，目前总共有1个；
2020-12-26 16:54:11:260  [ Thread-7:10578 ] - [ INFO ]  pause
2020-12-26 16:55:09:962  [ Thread-6:0 ] - [ INFO ]  The TCP Server is running.
2020-12-26 16:55:09:963  [ Thread-7:1 ] - [ INFO ]  pause
2020-12-26 16:55:09:962  [ JavaFX Application Thread:0 ] - [ INFO ]  TcpServer start!
2020-12-26 16:55:09:963  [ JavaFX Application Thread:1 ] - [ INFO ]  powerConnectedBtnOnClick!
2020-12-26 16:55:13:498  [ Thread-6:3536 ] - [ INFO ]  Server Thread starts!
2020-12-26 16:55:13:498  [ pool-2-thread-1:3536 ] - [ INFO ]  Server Handler Thread starts!
2020-12-26 16:55:13:498  [ pool-2-thread-1:3536 ] - [ INFO ]  Attempting to connect a user...
2020-12-26 16:55:13:499  [ pool-2-thread-1:3537 ] - [ INFO ]  User's Addr : 192.168.5.10:51608
2020-12-26 16:55:14:498  [ pool-2-thread-1:4536 ] - [ INFO ]  采集到的数据是FFFF0BCCDD0CFFF1DD010F100246011ECF12DD
2020-12-26 16:55:14:498  [ pool-2-thread-1:4536 ] - [ INFO ]  pool-2-thread-1服务器接收数据，目前总共有1个；
2020-12-26 16:55:14:502  [ Thread-7:4540 ] - [ INFO ]  pause
2020-12-26 16:55:21:914  [ Thread-6:11952 ] - [ INFO ]  Server Thread starts!
2020-12-26 16:55:25:066  [ pool-2-thread-1:15104 ] - [ INFO ]  采集到的数据是FFFF0BCCDD0CFFF1DD010F100246011ECF12DD
2020-12-26 16:55:25:066  [ pool-2-thread-1:15104 ] - [ INFO ]  pool-2-thread-1服务器接收数据，目前总共有1个；
2020-12-26 16:55:25:068  [ Thread-7:15106 ] - [ INFO ]  pause
2020-12-26 17:31:23:443  [ Thread-6:0 ] - [ INFO ]  The TCP Server is running.
2020-12-26 17:31:23:443  [ JavaFX Application Thread:0 ] - [ INFO ]  TcpServer start!
2020-12-26 17:31:23:443  [ JavaFX Application Thread:0 ] - [ INFO ]  powerConnectedBtnOnClick!
2020-12-26 17:31:23:444  [ Thread-7:1 ] - [ INFO ]  pause
2020-12-26 17:31:26:900  [ Thread-6:3457 ] - [ INFO ]  Server Thread starts!
2020-12-26 17:31:26:901  [ pool-2-thread-1:3458 ] - [ INFO ]  Server Handler Thread starts!
2020-12-26 17:31:26:901  [ pool-2-thread-1:3458 ] - [ INFO ]  Attempting to connect a user...
2020-12-26 17:31:26:901  [ pool-2-thread-1:3458 ] - [ INFO ]  User's Addr : 192.168.5.10:52152
2020-12-26 17:31:27:842  [ pool-2-thread-1:4399 ] - [ INFO ]  采集到的数据是FFFF0BCCDD0CFFF1DD010F100246011ECF12DD
2020-12-26 17:31:27:842  [ pool-2-thread-1:4399 ] - [ INFO ]  pool-2-thread-1服务器接收数据，目前总共有1个；
2020-12-26 17:31:27:847  [ Thread-7:4404 ] - [ INFO ]  pause
2020-12-26 17:33:07:291  [ Thread-6:0 ] - [ INFO ]  The TCP Server is running.
2020-12-26 17:33:07:292  [ JavaFX Application Thread:1 ] - [ INFO ]  TcpServer start!
2020-12-26 17:33:07:292  [ JavaFX Application Thread:1 ] - [ INFO ]  powerConnectedBtnOnClick!
2020-12-26 17:33:07:292  [ Thread-7:1 ] - [ INFO ]  pause
2020-12-26 17:33:11:211  [ Thread-6:3920 ] - [ INFO ]  Server Thread starts!
2020-12-26 17:33:11:211  [ pool-2-thread-1:3920 ] - [ INFO ]  Server Handler Thread starts!
2020-12-26 17:33:11:211  [ pool-2-thread-1:3920 ] - [ INFO ]  Attempting to connect a user...
2020-12-26 17:33:11:211  [ pool-2-thread-1:3920 ] - [ INFO ]  User's Addr : 192.168.5.10:52169
2020-12-26 17:33:12:139  [ pool-2-thread-1:4848 ] - [ INFO ]  采集到的数据是FFFF0BCCDD0CFFF1DD010F100246011ECF12DD
2020-12-26 17:33:12:139  [ pool-2-thread-1:4848 ] - [ INFO ]  pool-2-thread-1服务器接收数据，目前总共有1个；
2020-12-26 17:33:12:145  [ Thread-7:4854 ] - [ INFO ]  pause
2020-12-26 17:33:13:818  [ pool-2-thread-1:6527 ] - [ INFO ]  采集到的数据是FFFF0BCCDD0CFFF1DD010F100246011ECF12DD
2020-12-26 17:33:13:818  [ pool-2-thread-1:6527 ] - [ INFO ]  pool-2-thread-1服务器接收数据，目前总共有1个；
2020-12-26 17:33:13:818  [ Thread-7:6527 ] - [ INFO ]  pause
2020-12-26 17:33:13:953  [ pool-2-thread-1:6662 ] - [ INFO ]  采集到的数据是FFFF0BCCDD0CFFF1DD010F100246011ECF12DD
2020-12-26 17:33:13:953  [ pool-2-thread-1:6662 ] - [ INFO ]  pool-2-thread-1服务器接收数据，目前总共有1个；
2020-12-26 17:33:13:954  [ Thread-7:6663 ] - [ INFO ]  pause
2020-12-26 17:33:16:667  [ Thread-6:9376 ] - [ INFO ]  Server Thread starts!
2020-12-26 17:33:19:114  [ pool-2-thread-1:11823 ] - [ INFO ]  采集到的数据是FFFF0BCCDD0CFFF1DD010F100246011ECF12DD
2020-12-26 17:33:19:114  [ pool-2-thread-1:11823 ] - [ INFO ]  pool-2-thread-1服务器接收数据，目前总共有1个；
2020-12-26 17:33:19:114  [ Thread-7:11823 ] - [ INFO ]  pause
2020-12-26 17:37:09:211  [ Thread-6:0 ] - [ INFO ]  The TCP Server is running.
2020-12-26 17:37:09:211  [ JavaFX Application Thread:0 ] - [ INFO ]  TcpServer start!
2020-12-26 17:37:09:212  [ JavaFX Application Thread:1 ] - [ INFO ]  powerConnectedBtnOnClick!
2020-12-26 17:37:09:212  [ Thread-7:1 ] - [ INFO ]  pause
2020-12-26 17:37:12:659  [ Thread-6:3448 ] - [ INFO ]  Server Thread starts!
2020-12-26 17:37:12:659  [ pool-2-thread-1:3448 ] - [ INFO ]  Server Handler Thread starts!
2020-12-26 17:37:12:659  [ pool-2-thread-1:3448 ] - [ INFO ]  Attempting to connect a user...
2020-12-26 17:37:12:660  [ pool-2-thread-1:3449 ] - [ INFO ]  User's Addr : 192.168.5.10:52193
2020-12-26 17:37:13:394  [ pool-2-thread-1:4183 ] - [ INFO ]  采集到的数据是FFFF0BCCDD0CFFF1DD010F100246011ECF12DD
2020-12-26 17:37:13:394  [ pool-2-thread-1:4183 ] - [ INFO ]  pool-2-thread-1服务器接收数据，目前总共有1个；
2020-12-26 17:37:13:401  [ Thread-7:4190 ] - [ INFO ]  pause
2020-12-26 17:37:21:899  [ Thread-6:12688 ] - [ INFO ]  Server Thread starts!
2020-12-26 17:37:25:306  [ pool-2-thread-1:16095 ] - [ INFO ]  采集到的数据是FFFF0BCCDD0CFFF1DD010F100246011ECF12DD
2020-12-26 17:37:25:306  [ pool-2-thread-1:16095 ] - [ INFO ]  pool-2-thread-1服务器接收数据，目前总共有1个；
2020-12-26 17:37:25:309  [ Thread-7:16098 ] - [ INFO ]  pause
2020-12-26 17:39:51:842  [ pool-2-thread-1:162631 ] - [ INFO ]  采集到的数据是FFFF0BCCDD0CFFF1DD010F100246011ECF12DD
2020-12-26 17:39:51:842  [ pool-2-thread-1:162631 ] - [ INFO ]  pool-2-thread-1服务器接收数据，目前总共有1个；
2020-12-26 17:39:51:844  [ Thread-7:162633 ] - [ INFO ]  pause
2020-12-26 17:39:51:994  [ pool-2-thread-1:162783 ] - [ INFO ]  采集到的数据是FFFF0BCCDD0CFFF1DD010F100246011ECF12DD
2020-12-26 17:39:51:994  [ pool-2-thread-1:162783 ] - [ INFO ]  pool-2-thread-1服务器接收数据，目前总共有1个；
2020-12-26 17:39:51:997  [ Thread-7:162786 ] - [ INFO ]  pause
2020-12-26 17:39:52:137  [ pool-2-thread-1:162926 ] - [ INFO ]  采集到的数据是FFFF0BCCDD0CFFF1DD010F100246011ECF12DD
2020-12-26 17:39:52:137  [ pool-2-thread-1:162926 ] - [ INFO ]  pool-2-thread-1服务器接收数据，目前总共有1个；
2020-12-26 17:39:52:139  [ Thread-7:162928 ] - [ INFO ]  pause
2020-12-26 17:39:52:283  [ pool-2-thread-1:163072 ] - [ INFO ]  采集到的数据是FFFF0BCCDD0CFFF1DD010F100246011ECF12DD
2020-12-26 17:39:52:283  [ pool-2-thread-1:163072 ] - [ INFO ]  pool-2-thread-1服务器接收数据，目前总共有1个；
2020-12-26 17:39:52:285  [ Thread-7:163074 ] - [ INFO ]  pause
2020-12-26 17:39:52:409  [ pool-2-thread-1:163198 ] - [ INFO ]  采集到的数据是FFFF0BCCDD0CFFF1DD010F100246011ECF12DD
2020-12-26 17:39:52:410  [ pool-2-thread-1:163199 ] - [ INFO ]  pool-2-thread-1服务器接收数据，目前总共有1个；
2020-12-26 17:39:52:411  [ Thread-7:163200 ] - [ INFO ]  pause
2020-12-26 17:39:52:562  [ pool-2-thread-1:163351 ] - [ INFO ]  采集到的数据是FFFF0BCCDD0CFFF1DD010F100246011ECF12DD
2020-12-26 17:39:52:562  [ pool-2-thread-1:163351 ] - [ INFO ]  pool-2-thread-1服务器接收数据，目前总共有1个；
2020-12-26 17:39:52:563  [ Thread-7:163352 ] - [ INFO ]  pause
2020-12-26 17:39:52:682  [ pool-2-thread-1:163471 ] - [ INFO ]  采集到的数据是FFFF0BCCDD0CFFF1DD010F100246011ECF12DD
2020-12-26 17:39:52:682  [ pool-2-thread-1:163471 ] - [ INFO ]  pool-2-thread-1服务器接收数据，目前总共有1个；
2020-12-26 17:39:52:683  [ Thread-7:163472 ] - [ INFO ]  pause
2020-12-26 17:39:52:826  [ pool-2-thread-1:163615 ] - [ INFO ]  采集到的数据是FFFF0BCCDD0CFFF1DD010F100246011ECF12DD
2020-12-26 17:39:52:826  [ pool-2-thread-1:163615 ] - [ INFO ]  pool-2-thread-1服务器接收数据，目前总共有1个；
2020-12-26 17:39:52:828  [ Thread-7:163617 ] - [ INFO ]  pause
2020-12-26 17:39:52:962  [ pool-2-thread-1:163751 ] - [ INFO ]  采集到的数据是FFFF0BCCDD0CFFF1DD010F100246011ECF12DD
2020-12-26 17:39:52:962  [ pool-2-thread-1:163751 ] - [ INFO ]  pool-2-thread-1服务器接收数据，目前总共有1个；
2020-12-26 17:39:52:964  [ Thread-7:163753 ] - [ INFO ]  pause
2020-12-26 17:39:53:106  [ pool-2-thread-1:163895 ] - [ INFO ]  采集到的数据是FFFF0BCCDD0CFFF1DD010F100246011ECF12DD
2020-12-26 17:39:53:106  [ pool-2-thread-1:163895 ] - [ INFO ]  pool-2-thread-1服务器接收数据，目前总共有1个；
2020-12-26 17:39:53:107  [ Thread-7:163896 ] - [ INFO ]  pause
2020-12-26 17:39:53:250  [ pool-2-thread-1:164039 ] - [ INFO ]  采集到的数据是FFFF0BCCDD0CFFF1DD010F100246011ECF12DD
2020-12-26 17:39:53:250  [ pool-2-thread-1:164039 ] - [ INFO ]  pool-2-thread-1服务器接收数据，目前总共有1个；
2020-12-26 17:39:53:251  [ Thread-7:164040 ] - [ INFO ]  pause
2020-12-26 17:39:53:378  [ pool-2-thread-1:164167 ] - [ INFO ]  采集到的数据是FFFF0BCCDD0CFFF1DD010F100246011ECF12DD
2020-12-26 17:39:53:378  [ pool-2-thread-1:164167 ] - [ INFO ]  pool-2-thread-1服务器接收数据，目前总共有1个；
2020-12-26 17:39:53:379  [ Thread-7:164168 ] - [ INFO ]  pause
2020-12-26 17:39:53:523  [ pool-2-thread-1:164312 ] - [ INFO ]  采集到的数据是FFFF0BCCDD0CFFF1DD010F100246011ECF12DD
2020-12-26 17:39:53:523  [ pool-2-thread-1:164312 ] - [ INFO ]  pool-2-thread-1服务器接收数据，目前总共有1个；
2020-12-26 17:39:53:523  [ Thread-7:164312 ] - [ INFO ]  pause
2020-12-26 17:39:53:674  [ pool-2-thread-1:164463 ] - [ INFO ]  采集到的数据是FFFF0BCCDD0CFFF1DD010F100246011ECF12DD
2020-12-26 17:39:53:674  [ pool-2-thread-1:164463 ] - [ INFO ]  pool-2-thread-1服务器接收数据，目前总共有1个；
2020-12-26 17:39:53:675  [ Thread-7:164464 ] - [ INFO ]  pause
2020-12-26 17:39:53:810  [ pool-2-thread-1:164599 ] - [ INFO ]  采集到的数据是FFFF0BCCDD0CFFF1DD010F100246011ECF12DD
2020-12-26 17:39:53:810  [ pool-2-thread-1:164599 ] - [ INFO ]  pool-2-thread-1服务器接收数据，目前总共有1个；
2020-12-26 17:39:53:811  [ Thread-7:164600 ] - [ INFO ]  pause
2020-12-26 17:39:53:954  [ pool-2-thread-1:164743 ] - [ INFO ]  采集到的数据是FFFF0BCCDD0CFFF1DD010F100246011ECF12DD
2020-12-26 17:39:53:954  [ pool-2-thread-1:164743 ] - [ INFO ]  pool-2-thread-1服务器接收数据，目前总共有1个；
2020-12-26 17:39:53:954  [ Thread-7:164743 ] - [ INFO ]  pause
2020-12-26 17:39:54:098  [ pool-2-thread-1:164887 ] - [ INFO ]  采集到的数据是FFFF0BCCDD0CFFF1DD010F100246011ECF12DD
2020-12-26 17:39:54:098  [ pool-2-thread-1:164887 ] - [ INFO ]  pool-2-thread-1服务器接收数据，目前总共有1个；
2020-12-26 17:39:54:099  [ Thread-7:164888 ] - [ INFO ]  pause
2020-12-26 17:39:54:241  [ pool-2-thread-1:165030 ] - [ INFO ]  采集到的数据是FFFF0BCCDD0CFFF1DD010F100246011ECF12DD
2020-12-26 17:39:54:241  [ pool-2-thread-1:165030 ] - [ INFO ]  pool-2-thread-1服务器接收数据，目前总共有1个；
2020-12-26 17:39:54:242  [ Thread-7:165031 ] - [ INFO ]  pause
2020-12-26 17:39:54:402  [ pool-2-thread-1:165191 ] - [ INFO ]  采集到的数据是FFFF0BCCDD0CFFF1DD010F100246011ECF12DD
2020-12-26 17:39:54:402  [ pool-2-thread-1:165191 ] - [ INFO ]  pool-2-thread-1服务器接收数据，目前总共有1个；
2020-12-26 17:39:54:403  [ Thread-7:165192 ] - [ INFO ]  pause
2020-12-26 17:39:54:529  [ pool-2-thread-1:165318 ] - [ INFO ]  采集到的数据是FFFF0BCCDD0CFFF1DD010F100246011ECF12DD
2020-12-26 17:39:54:529  [ pool-2-thread-1:165318 ] - [ INFO ]  pool-2-thread-1服务器接收数据，目前总共有1个；
2020-12-26 17:39:54:530  [ Thread-7:165319 ] - [ INFO ]  pause
2020-12-26 17:39:54:674  [ pool-2-thread-1:165463 ] - [ INFO ]  采集到的数据是FFFF0BCCDD0CFFF1DD010F100246011ECF12DD
2020-12-26 17:39:54:674  [ pool-2-thread-1:165463 ] - [ INFO ]  pool-2-thread-1服务器接收数据，目前总共有1个；
2020-12-26 17:39:54:677  [ Thread-7:165466 ] - [ INFO ]  pause
2020-12-26 17:39:54:850  [ pool-2-thread-1:165639 ] - [ INFO ]  采集到的数据是FFFF0BCCDD0CFFF1DD010F100246011ECF12DD
2020-12-26 17:39:54:850  [ pool-2-thread-1:165639 ] - [ INFO ]  pool-2-thread-1服务器接收数据，目前总共有1个；
2020-12-26 17:39:54:851  [ Thread-7:165640 ] - [ INFO ]  pause
2020-12-26 17:39:54:986  [ pool-2-thread-1:165775 ] - [ INFO ]  采集到的数据是FFFF0BCCDD0CFFF1DD010F100246011ECF12DD
2020-12-26 17:39:54:986  [ pool-2-thread-1:165775 ] - [ INFO ]  pool-2-thread-1服务器接收数据，目前总共有1个；
2020-12-26 17:39:54:987  [ Thread-7:165776 ] - [ INFO ]  pause
2020-12-26 17:39:55:146  [ pool-2-thread-1:165935 ] - [ INFO ]  采集到的数据是FFFF0BCCDD0CFFF1DD010F100246011ECF12DD
2020-12-26 17:39:55:146  [ pool-2-thread-1:165935 ] - [ INFO ]  pool-2-thread-1服务器接收数据，目前总共有1个；
2020-12-26 17:39:55:147  [ Thread-7:165936 ] - [ INFO ]  pause
2020-12-26 17:40:46:595  [ Thread-6:0 ] - [ INFO ]  The TCP Server is running.
2020-12-26 17:40:46:595  [ JavaFX Application Thread:0 ] - [ INFO ]  TcpServer start!
2020-12-26 17:40:46:595  [ JavaFX Application Thread:0 ] - [ INFO ]  powerConnectedBtnOnClick!
2020-12-26 17:40:46:595  [ Thread-7:0 ] - [ INFO ]  pause
2020-12-26 17:40:49:522  [ Thread-6:2927 ] - [ INFO ]  Server Thread starts!
2020-12-26 17:40:49:522  [ pool-2-thread-1:2927 ] - [ INFO ]  Server Handler Thread starts!
2020-12-26 17:40:49:522  [ pool-2-thread-1:2927 ] - [ INFO ]  Attempting to connect a user...
2020-12-26 17:40:49:523  [ pool-2-thread-1:2928 ] - [ INFO ]  User's Addr : 192.168.5.10:52290
2020-12-26 17:40:50:218  [ pool-2-thread-1:3623 ] - [ INFO ]  采集到的数据是FFFF0BCCDD0CFFF1DD010F100246011ECF12DD
2020-12-26 17:40:50:218  [ pool-2-thread-1:3623 ] - [ INFO ]  pool-2-thread-1服务器接收数据，目前总共有1个；
2020-12-26 17:40:50:223  [ Thread-7:3628 ] - [ INFO ]  pause
2020-12-26 17:40:50:370  [ pool-2-thread-1:3775 ] - [ INFO ]  采集到的数据是FFFF0BCCDD0CFFF1DD010F100246011ECF12DD
2020-12-26 17:40:50:370  [ pool-2-thread-1:3775 ] - [ INFO ]  pool-2-thread-1服务器接收数据，目前总共有1个；
2020-12-26 17:40:50:372  [ Thread-7:3777 ] - [ INFO ]  pause
2020-12-26 17:40:50:506  [ pool-2-thread-1:3911 ] - [ INFO ]  采集到的数据是FFFF0BCCDD0CFFF1DD010F100246011ECF12DD
2020-12-26 17:40:50:506  [ pool-2-thread-1:3911 ] - [ INFO ]  pool-2-thread-1服务器接收数据，目前总共有1个；
2020-12-26 17:40:50:508  [ Thread-7:3913 ] - [ INFO ]  pause
2020-12-26 17:40:50:659  [ pool-2-thread-1:4064 ] - [ INFO ]  采集到的数据是FFFF0BCCDD0CFFF1DD010F100246011ECF12DD
2020-12-26 17:40:50:659  [ pool-2-thread-1:4064 ] - [ INFO ]  pool-2-thread-1服务器接收数据，目前总共有1个；
2020-12-26 17:40:50:661  [ Thread-7:4066 ] - [ INFO ]  pause
2020-12-26 17:40:50:793  [ pool-2-thread-1:4198 ] - [ INFO ]  采集到的数据是FFFF0BCCDD0CFFF1DD010F100246011ECF12DD
2020-12-26 17:40:50:793  [ pool-2-thread-1:4198 ] - [ INFO ]  pool-2-thread-1服务器接收数据，目前总共有1个；
2020-12-26 17:40:50:795  [ Thread-7:4200 ] - [ INFO ]  pause
2020-12-26 17:40:50:938  [ pool-2-thread-1:4343 ] - [ INFO ]  采集到的数据是FFFF0BCCDD0CFFF1DD010F100246011ECF12DD
2020-12-26 17:40:50:938  [ pool-2-thread-1:4343 ] - [ INFO ]  pool-2-thread-1服务器接收数据，目前总共有1个；
2020-12-26 17:40:50:940  [ Thread-7:4345 ] - [ INFO ]  pause
2020-12-26 17:40:51:074  [ pool-2-thread-1:4479 ] - [ INFO ]  采集到的数据是FFFF0BCCDD0CFFF1DD010F100246011ECF12DD
2020-12-26 17:40:51:074  [ pool-2-thread-1:4479 ] - [ INFO ]  pool-2-thread-1服务器接收数据，目前总共有1个；
2020-12-26 17:40:51:075  [ Thread-7:4480 ] - [ INFO ]  pause
2020-12-26 17:40:51:210  [ pool-2-thread-1:4615 ] - [ INFO ]  采集到的数据是FFFF0BCCDD0CFFF1DD010F100246011ECF12DD
2020-12-26 17:40:51:210  [ pool-2-thread-1:4615 ] - [ INFO ]  pool-2-thread-1服务器接收数据，目前总共有1个；
2020-12-26 17:40:51:215  [ Thread-7:4620 ] - [ INFO ]  pause
2020-12-26 17:40:51:354  [ pool-2-thread-1:4759 ] - [ INFO ]  采集到的数据是FFFF0BCCDD0CFFF1DD010F100246011ECF12DD
2020-12-26 17:40:51:354  [ pool-2-thread-1:4759 ] - [ INFO ]  pool-2-thread-1服务器接收数据，目前总共有1个；
2020-12-26 17:40:51:355  [ Thread-7:4760 ] - [ INFO ]  pause
2020-12-26 17:40:51:515  [ pool-2-thread-1:4920 ] - [ INFO ]  采集到的数据是FFFF0BCCDD0CFFF1DD010F100246011ECF12DD
2020-12-26 17:40:51:515  [ pool-2-thread-1:4920 ] - [ INFO ]  pool-2-thread-1服务器接收数据，目前总共有1个；
2020-12-26 17:40:51:516  [ Thread-7:4921 ] - [ INFO ]  pause
2020-12-26 17:41:09:555  [ Thread-6:0 ] - [ INFO ]  The TCP Server is running.
2020-12-26 17:41:09:555  [ JavaFX Application Thread:0 ] - [ INFO ]  TcpServer start!
2020-12-26 17:41:09:556  [ JavaFX Application Thread:1 ] - [ INFO ]  powerConnectedBtnOnClick!
2020-12-26 17:41:09:556  [ Thread-7:1 ] - [ INFO ]  pause
2020-12-26 17:41:13:971  [ Thread-6:4416 ] - [ INFO ]  Server Thread starts!
2020-12-26 17:41:13:971  [ pool-2-thread-1:4416 ] - [ INFO ]  Server Handler Thread starts!
2020-12-26 17:41:13:971  [ pool-2-thread-1:4416 ] - [ INFO ]  Attempting to connect a user...
2020-12-26 17:41:13:972  [ pool-2-thread-1:4417 ] - [ INFO ]  User's Addr : 192.168.5.10:52298
2020-12-26 17:41:14:586  [ pool-2-thread-1:5031 ] - [ INFO ]  采集到的数据是FFFF0BCCDD0CFFF1DD010F100246011ECF12DD
2020-12-26 17:41:14:586  [ pool-2-thread-1:5031 ] - [ INFO ]  pool-2-thread-1服务器接收数据，目前总共有1个；
2020-12-26 17:41:14:591  [ Thread-7:5036 ] - [ INFO ]  pause
2020-12-26 17:41:14:730  [ pool-2-thread-1:5175 ] - [ INFO ]  采集到的数据是FFFF0BCCDD0CFFF1DD010F100246011ECF12DD
2020-12-26 17:41:14:730  [ pool-2-thread-1:5175 ] - [ INFO ]  pool-2-thread-1服务器接收数据，目前总共有1个；
2020-12-26 17:41:14:732  [ Thread-7:5177 ] - [ INFO ]  pause
2020-12-26 17:41:14:865  [ pool-2-thread-1:5310 ] - [ INFO ]  采集到的数据是FFFF0BCCDD0CFFF1DD010F100246011ECF12DD
2020-12-26 17:41:14:866  [ pool-2-thread-1:5311 ] - [ INFO ]  pool-2-thread-1服务器接收数据，目前总共有1个；
2020-12-26 17:41:14:867  [ Thread-7:5312 ] - [ INFO ]  pause
2020-12-26 17:41:14:997  [ pool-2-thread-1:5442 ] - [ INFO ]  采集到的数据是FFFF0BCCDD0CFFF1DD010F100246011ECF12DD
2020-12-26 17:41:14:997  [ pool-2-thread-1:5442 ] - [ INFO ]  pool-2-thread-1服务器接收数据，目前总共有1个；
2020-12-26 17:41:14:999  [ Thread-7:5444 ] - [ INFO ]  pause
2020-12-26 17:41:15:122  [ pool-2-thread-1:5567 ] - [ INFO ]  采集到的数据是FFFF0BCCDD0CFFF1DD010F100246011ECF12DD
2020-12-26 17:41:15:122  [ pool-2-thread-1:5567 ] - [ INFO ]  pool-2-thread-1服务器接收数据，目前总共有1个；
2020-12-26 17:41:15:124  [ Thread-7:5569 ] - [ INFO ]  pause
2020-12-26 17:41:15:266  [ pool-2-thread-1:5711 ] - [ INFO ]  采集到的数据是FFFF0BCCDD0CFFF1DD010F100246011ECF12DD
2020-12-26 17:41:15:266  [ pool-2-thread-1:5711 ] - [ INFO ]  pool-2-thread-1服务器接收数据，目前总共有1个；
2020-12-26 17:41:15:268  [ Thread-7:5713 ] - [ INFO ]  pause
2020-12-26 17:41:15:410  [ pool-2-thread-1:5855 ] - [ INFO ]  采集到的数据是FFFF0BCCDD0CFFF1DD010F100246011ECF12DD
2020-12-26 17:41:15:411  [ pool-2-thread-1:5856 ] - [ INFO ]  pool-2-thread-1服务器接收数据，目前总共有1个；
2020-12-26 17:41:15:412  [ Thread-7:5857 ] - [ INFO ]  pause
2020-12-26 17:41:48:091  [ pool-2-thread-1:38536 ] - [ INFO ]  closeConnections() method Exit
2020-12-26 17:41:54:611  [ Thread-6:0 ] - [ INFO ]  The TCP Server is running.
2020-12-26 17:41:54:611  [ JavaFX Application Thread:0 ] - [ INFO ]  TcpServer start!
2020-12-26 17:41:54:612  [ JavaFX Application Thread:1 ] - [ INFO ]  powerConnectedBtnOnClick!
2020-12-26 17:41:54:612  [ Thread-7:1 ] - [ INFO ]  pause
2020-12-26 17:41:56:739  [ Thread-6:2128 ] - [ INFO ]  Server Thread starts!
2020-12-26 17:41:56:739  [ pool-2-thread-1:2128 ] - [ INFO ]  Server Handler Thread starts!
2020-12-26 17:41:56:739  [ pool-2-thread-1:2128 ] - [ INFO ]  Attempting to connect a user...
2020-12-26 17:41:56:740  [ pool-2-thread-1:2129 ] - [ INFO ]  User's Addr : 192.168.5.10:52311
2020-12-26 17:41:57:546  [ pool-2-thread-1:2935 ] - [ INFO ]  采集到的数据是FFFF0BCCDD0CFFF1DD010F100246011ECF12DD
2020-12-26 17:41:57:546  [ pool-2-thread-1:2935 ] - [ INFO ]  pool-2-thread-1服务器接收数据，目前总共有1个；
2020-12-26 17:41:57:551  [ Thread-7:2940 ] - [ INFO ]  pause
2020-12-26 17:41:58:234  [ pool-2-thread-1:3623 ] - [ INFO ]  采集到的数据是FFFF0BCCDD0CFFF1DD010F100246011ECF12DD
2020-12-26 17:41:58:234  [ pool-2-thread-1:3623 ] - [ INFO ]  pool-2-thread-1服务器接收数据，目前总共有1个；
2020-12-26 17:41:58:237  [ Thread-7:3626 ] - [ INFO ]  pause
2020-12-26 17:41:58:378  [ pool-2-thread-1:3767 ] - [ INFO ]  采集到的数据是FFFF0BCCDD0CFFF1DD010F100246011ECF12DD
2020-12-26 17:41:58:378  [ pool-2-thread-1:3767 ] - [ INFO ]  pool-2-thread-1服务器接收数据，目前总共有1个；
2020-12-26 17:41:58:379  [ Thread-7:3768 ] - [ INFO ]  pause
2020-12-26 17:41:58:530  [ pool-2-thread-1:3919 ] - [ INFO ]  采集到的数据是FFFF0BCCDD0CFFF1DD010F100246011ECF12DD
2020-12-26 17:41:58:530  [ pool-2-thread-1:3919 ] - [ INFO ]  pool-2-thread-1服务器接收数据，目前总共有1个；
2020-12-26 17:41:58:532  [ Thread-7:3921 ] - [ INFO ]  pause
2020-12-26 17:41:58:666  [ pool-2-thread-1:4055 ] - [ INFO ]  采集到的数据是FFFF0BCCDD0CFFF1DD010F100246011ECF12DD
2020-12-26 17:41:58:666  [ pool-2-thread-1:4055 ] - [ INFO ]  pool-2-thread-1服务器接收数据，目前总共有1个；
2020-12-26 17:41:58:667  [ Thread-7:4056 ] - [ INFO ]  pause
2020-12-26 17:42:31:779  [ Thread-6:0 ] - [ INFO ]  The TCP Server is running.
2020-12-26 17:42:31:780  [ JavaFX Application Thread:1 ] - [ INFO ]  TcpServer start!
2020-12-26 17:42:31:780  [ JavaFX Application Thread:1 ] - [ INFO ]  powerConnectedBtnOnClick!
2020-12-26 17:42:31:780  [ Thread-7:1 ] - [ INFO ]  pause
2020-12-26 17:42:33:211  [ Thread-6:1432 ] - [ INFO ]  Server Thread starts!
2020-12-26 17:42:33:212  [ pool-2-thread-1:1433 ] - [ INFO ]  Server Handler Thread starts!
2020-12-26 17:42:33:212  [ pool-2-thread-1:1433 ] - [ INFO ]  Attempting to connect a user...
2020-12-26 17:42:33:212  [ pool-2-thread-1:1433 ] - [ INFO ]  User's Addr : 192.168.5.10:52319
2020-12-26 17:42:34:906  [ pool-2-thread-1:3127 ] - [ INFO ]  采集到的数据是FFFF0BCCDD0CFFF1DD010F100246011ECF12DD
2020-12-26 17:42:34:906  [ pool-2-thread-1:3127 ] - [ INFO ]  pool-2-thread-1服务器接收数据，目前总共有1个；
2020-12-26 17:42:34:912  [ Thread-7:3133 ] - [ INFO ]  pause
2020-12-26 17:42:38:554  [ pool-2-thread-1:6775 ] - [ INFO ]  采集到的数据是FFFF0BCCDD0CFFF1DD010F100246011ECF12DD
2020-12-26 17:42:38:554  [ pool-2-thread-1:6775 ] - [ INFO ]  pool-2-thread-1服务器接收数据，目前总共有1个；
2020-12-26 17:42:38:556  [ Thread-7:6777 ] - [ INFO ]  pause
2020-12-26 17:43:58:675  [ Thread-6:0 ] - [ INFO ]  The TCP Server is running.
2020-12-26 17:43:58:675  [ JavaFX Application Thread:0 ] - [ INFO ]  TcpServer start!
2020-12-26 17:43:58:675  [ JavaFX Application Thread:0 ] - [ INFO ]  powerConnectedBtnOnClick!
2020-12-26 17:43:58:675  [ Thread-7:0 ] - [ INFO ]  pause
2020-12-26 17:44:01:547  [ Thread-6:2872 ] - [ INFO ]  Server Thread starts!
2020-12-26 17:44:01:547  [ pool-2-thread-1:2872 ] - [ INFO ]  Server Handler Thread starts!
2020-12-26 17:44:01:547  [ pool-2-thread-1:2872 ] - [ INFO ]  Attempting to connect a user...
2020-12-26 17:44:01:547  [ pool-2-thread-1:2872 ] - [ INFO ]  User's Addr : 192.168.5.10:52332
2020-12-26 17:44:02:683  [ pool-2-thread-1:4008 ] - [ INFO ]  采集到的数据是FFFF0BCCDD0CFFF1DD010F100246011ECF12DD
2020-12-26 17:44:02:683  [ pool-2-thread-1:4008 ] - [ INFO ]  pool-2-thread-1服务器接收数据，目前总共有1个；
2020-12-26 17:44:02:689  [ Thread-7:4014 ] - [ INFO ]  pause
2020-12-26 17:44:02:834  [ pool-2-thread-1:4159 ] - [ INFO ]  采集到的数据是FFFF0BCCDD0CFFF1DD010F100246011ECF12DD
2020-12-26 17:44:02:834  [ pool-2-thread-1:4159 ] - [ INFO ]  pool-2-thread-1服务器接收数据，目前总共有1个；
2020-12-26 17:44:02:835  [ Thread-7:4160 ] - [ INFO ]  pause
2020-12-26 17:44:02:978  [ pool-2-thread-1:4303 ] - [ INFO ]  采集到的数据是FFFF0BCCDD0CFFF1DD010F100246011ECF12DD
2020-12-26 17:44:02:978  [ pool-2-thread-1:4303 ] - [ INFO ]  pool-2-thread-1服务器接收数据，目前总共有1个；
2020-12-26 17:44:02:979  [ Thread-7:4304 ] - [ INFO ]  pause
2020-12-26 17:44:03:130  [ pool-2-thread-1:4455 ] - [ INFO ]  采集到的数据是FFFF0BCCDD0CFFF1DD010F100246011ECF12DD
2020-12-26 17:44:03:130  [ pool-2-thread-1:4455 ] - [ INFO ]  pool-2-thread-1服务器接收数据，目前总共有1个；
2020-12-26 17:44:03:131  [ Thread-7:4456 ] - [ INFO ]  pause
2020-12-26 17:44:03:274  [ pool-2-thread-1:4599 ] - [ INFO ]  采集到的数据是FFFF0BCCDD0CFFF1DD010F100246011ECF12DD
2020-12-26 17:44:03:274  [ pool-2-thread-1:4599 ] - [ INFO ]  pool-2-thread-1服务器接收数据，目前总共有1个；
2020-12-26 17:44:03:275  [ Thread-7:4600 ] - [ INFO ]  pause
2020-12-26 17:44:03:418  [ pool-2-thread-1:4743 ] - [ INFO ]  采集到的数据是FFFF0BCCDD0CFFF1DD010F100246011ECF12DD
2020-12-26 17:44:03:418  [ pool-2-thread-1:4743 ] - [ INFO ]  pool-2-thread-1服务器接收数据，目前总共有1个；
2020-12-26 17:44:03:418  [ Thread-7:4743 ] - [ INFO ]  pause
2020-12-26 17:44:03:554  [ pool-2-thread-1:4879 ] - [ INFO ]  采集到的数据是FFFF0BCCDD0CFFF1DD010F100246011ECF12DD
2020-12-26 17:44:03:554  [ pool-2-thread-1:4879 ] - [ INFO ]  pool-2-thread-1服务器接收数据，目前总共有1个；
2020-12-26 17:44:03:554  [ Thread-7:4879 ] - [ INFO ]  pause
2020-12-26 17:44:03:698  [ pool-2-thread-1:5023 ] - [ INFO ]  采集到的数据是FFFF0BCCDD0CFFF1DD010F100246011ECF12DD
2020-12-26 17:44:03:698  [ pool-2-thread-1:5023 ] - [ INFO ]  pool-2-thread-1服务器接收数据，目前总共有1个；
2020-12-26 17:44:03:699  [ Thread-7:5024 ] - [ INFO ]  pause
2020-12-26 17:44:03:834  [ pool-2-thread-1:5159 ] - [ INFO ]  采集到的数据是FFFF0BCCDD0CFFF1DD010F100246011ECF12DD
2020-12-26 17:44:03:834  [ pool-2-thread-1:5159 ] - [ INFO ]  pool-2-thread-1服务器接收数据，目前总共有1个；
2020-12-26 17:44:03:835  [ Thread-7:5160 ] - [ INFO ]  pause
2020-12-26 17:44:03:986  [ pool-2-thread-1:5311 ] - [ INFO ]  采集到的数据是FFFF0BCCDD0CFFF1DD010F100246011ECF12DD
2020-12-26 17:44:03:986  [ pool-2-thread-1:5311 ] - [ INFO ]  pool-2-thread-1服务器接收数据，目前总共有1个；
2020-12-26 17:44:03:986  [ Thread-7:5311 ] - [ INFO ]  pause
2020-12-26 17:44:04:162  [ pool-2-thread-1:5487 ] - [ INFO ]  采集到的数据是FFFF0BCCDD0CFFF1DD010F100246011ECF12DD
2020-12-26 17:44:04:162  [ pool-2-thread-1:5487 ] - [ INFO ]  pool-2-thread-1服务器接收数据，目前总共有1个；
2020-12-26 17:44:04:162  [ Thread-7:5487 ] - [ INFO ]  pause
2020-12-26 17:44:23:203  [ Thread-6:0 ] - [ INFO ]  The TCP Server is running.
2020-12-26 17:44:23:209  [ JavaFX Application Thread:6 ] - [ INFO ]  TcpServer start!
2020-12-26 17:44:23:209  [ JavaFX Application Thread:6 ] - [ INFO ]  powerConnectedBtnOnClick!
2020-12-26 17:44:23:209  [ Thread-7:6 ] - [ INFO ]  pause
2020-12-26 17:44:26:731  [ Thread-6:3528 ] - [ INFO ]  Server Thread starts!
2020-12-26 17:44:26:731  [ pool-2-thread-1:3528 ] - [ INFO ]  Server Handler Thread starts!
2020-12-26 17:44:26:731  [ pool-2-thread-1:3528 ] - [ INFO ]  Attempting to connect a user...
2020-12-26 17:44:26:732  [ pool-2-thread-1:3529 ] - [ INFO ]  User's Addr : 192.168.5.10:52339
2020-12-26 17:44:27:426  [ pool-2-thread-1:4223 ] - [ INFO ]  采集到的数据是FFFF0BCCDD0CFFF1DD010F100246011ECF12DD
2020-12-26 17:44:27:426  [ pool-2-thread-1:4223 ] - [ INFO ]  pool-2-thread-1服务器接收数据，目前总共有1个；
2020-12-26 17:44:50:212  [ Thread-7:27009 ] - [ INFO ]  pause
2020-12-26 17:44:55:299  [ Thread-6:0 ] - [ INFO ]  The TCP Server is running.
2020-12-26 17:44:55:302  [ JavaFX Application Thread:3 ] - [ INFO ]  TcpServer start!
2020-12-26 17:44:55:302  [ JavaFX Application Thread:3 ] - [ INFO ]  powerConnectedBtnOnClick!
2020-12-26 17:44:55:302  [ Thread-7:3 ] - [ INFO ]  pause
2020-12-26 17:44:57:315  [ Thread-6:2016 ] - [ INFO ]  Server Thread starts!
2020-12-26 17:44:57:315  [ pool-2-thread-1:2016 ] - [ INFO ]  Server Handler Thread starts!
2020-12-26 17:44:57:315  [ pool-2-thread-1:2016 ] - [ INFO ]  Attempting to connect a user...
2020-12-26 17:44:57:316  [ pool-2-thread-1:2017 ] - [ INFO ]  User's Addr : 192.168.5.10:52348
2020-12-26 17:44:57:891  [ pool-2-thread-1:2592 ] - [ INFO ]  采集到的数据是FFFF0BCCDD0CFFF1DD010F100246011ECF12DD
2020-12-26 17:44:57:891  [ pool-2-thread-1:2592 ] - [ INFO ]  pool-2-thread-1服务器接收数据，目前总共有1个；
2020-12-26 17:44:57:904  [ Thread-7:2605 ] - [ INFO ]  pause
2020-12-26 17:46:55:155  [ Thread-6:0 ] - [ INFO ]  The TCP Server is running.
2020-12-26 17:46:55:158  [ JavaFX Application Thread:3 ] - [ INFO ]  TcpServer start!
2020-12-26 17:46:55:158  [ JavaFX Application Thread:3 ] - [ INFO ]  powerConnectedBtnOnClick!
2020-12-26 17:46:55:158  [ Thread-7:3 ] - [ INFO ]  pause
2020-12-26 17:46:57:755  [ Thread-6:2600 ] - [ INFO ]  Server Thread starts!
2020-12-26 17:46:57:755  [ pool-2-thread-1:2600 ] - [ INFO ]  Server Handler Thread starts!
2020-12-26 17:46:57:755  [ pool-2-thread-1:2600 ] - [ INFO ]  Attempting to connect a user...
2020-12-26 17:46:57:756  [ pool-2-thread-1:2601 ] - [ INFO ]  User's Addr : 192.168.5.10:52366
2020-12-26 17:46:58:442  [ pool-2-thread-1:3287 ] - [ INFO ]  采集到的数据是FFFF0BCCDD0CFFF1DD010F100246011ECF12DD
2020-12-26 17:46:58:442  [ pool-2-thread-1:3287 ] - [ INFO ]  pool-2-thread-1服务器接收数据，目前总共有1个；
2020-12-26 17:46:58:456  [ Thread-7:3301 ] - [ INFO ]  pause
2020-12-26 17:47:03:842  [ pool-2-thread-1:8687 ] - [ INFO ]  采集到的数据是FFFF0BCCDD0CFFF1DD010F100246011ECF12DD
2020-12-26 17:47:03:842  [ pool-2-thread-1:8687 ] - [ INFO ]  pool-2-thread-1服务器接收数据，目前总共有1个；
2020-12-26 17:47:03:842  [ Thread-7:8687 ] - [ INFO ]  pause
2020-12-26 17:47:27:211  [ Thread-6:0 ] - [ INFO ]  The TCP Server is running.
2020-12-26 17:47:27:215  [ JavaFX Application Thread:4 ] - [ INFO ]  TcpServer start!
2020-12-26 17:47:27:215  [ JavaFX Application Thread:4 ] - [ INFO ]  powerConnectedBtnOnClick!
2020-12-26 17:47:27:215  [ Thread-7:4 ] - [ INFO ]  pause
2020-12-26 17:47:29:763  [ Thread-6:2552 ] - [ INFO ]  Server Thread starts!
2020-12-26 17:47:29:763  [ pool-2-thread-1:2552 ] - [ INFO ]  Server Handler Thread starts!
2020-12-26 17:47:29:763  [ pool-2-thread-1:2552 ] - [ INFO ]  Attempting to connect a user...
2020-12-26 17:47:29:764  [ pool-2-thread-1:2553 ] - [ INFO ]  User's Addr : 192.168.5.10:52388
2020-12-26 17:47:30:490  [ pool-2-thread-1:3279 ] - [ INFO ]  采集到的数据是FFFF0BCCDD0CFFF1DD010F100246011ECF12DD
2020-12-26 17:47:30:491  [ pool-2-thread-1:3280 ] - [ INFO ]  pool-2-thread-1服务器接收数据，目前总共有1个；
2020-12-26 17:47:30:503  [ Thread-7:3292 ] - [ INFO ]  pause
2020-12-26 17:47:37:938  [ pool-2-thread-1:10727 ] - [ INFO ]  采集到的数据是FFFF0BCCDD0CFFF1DD010F100246011ECF12DD
2020-12-26 17:47:37:938  [ pool-2-thread-1:10727 ] - [ INFO ]  pool-2-thread-1服务器接收数据，目前总共有1个；
2020-12-26 17:47:37:938  [ Thread-7:10727 ] - [ INFO ]  pause
2020-12-26 17:49:12:531  [ Thread-6:0 ] - [ INFO ]  The TCP Server is running.
2020-12-26 17:49:12:534  [ JavaFX Application Thread:3 ] - [ INFO ]  TcpServer start!
2020-12-26 17:49:12:534  [ JavaFX Application Thread:3 ] - [ INFO ]  powerConnectedBtnOnClick!
2020-12-26 17:49:12:534  [ Thread-7:3 ] - [ INFO ]  pause
2020-12-26 17:49:16:067  [ Thread-6:3536 ] - [ INFO ]  Server Thread starts!
2020-12-26 17:49:16:068  [ pool-2-thread-1:3537 ] - [ INFO ]  Server Handler Thread starts!
2020-12-26 17:49:16:068  [ pool-2-thread-1:3537 ] - [ INFO ]  Attempting to connect a user...
2020-12-26 17:49:16:068  [ pool-2-thread-1:3537 ] - [ INFO ]  User's Addr : 192.168.5.10:52405
2020-12-26 17:49:16:794  [ pool-2-thread-1:4263 ] - [ INFO ]  采集到的数据是FFFF0BCCDD0CFFF1DD010F100246011ECF12DD
2020-12-26 17:49:16:794  [ pool-2-thread-1:4263 ] - [ INFO ]  pool-2-thread-1服务器接收数据，目前总共有1个；
2020-12-26 17:49:16:798  [ Thread-7:4267 ] - [ INFO ]  pause
2020-12-26 17:49:19:355  [ pool-2-thread-1:6824 ] - [ INFO ]  采集到的数据是FFFF0BCCDD0CFFF1DD010F100246011ECF12DD
2020-12-26 17:49:19:355  [ pool-2-thread-1:6824 ] - [ INFO ]  pool-2-thread-1服务器接收数据，目前总共有1个；
2020-12-26 17:49:19:355  [ Thread-7:6824 ] - [ INFO ]  pause
2020-12-26 17:49:19:498  [ pool-2-thread-1:6967 ] - [ INFO ]  采集到的数据是FFFF0BCCDD0CFFF1DD010F100246011ECF12DD
2020-12-26 17:49:19:498  [ pool-2-thread-1:6967 ] - [ INFO ]  pool-2-thread-1服务器接收数据，目前总共有1个；
2020-12-26 17:49:19:498  [ Thread-7:6967 ] - [ INFO ]  pause
2020-12-26 17:49:19:642  [ pool-2-thread-1:7111 ] - [ INFO ]  采集到的数据是FFFF0BCCDD0CFFF1DD010F100246011ECF12DD
2020-12-26 17:49:19:642  [ pool-2-thread-1:7111 ] - [ INFO ]  pool-2-thread-1服务器接收数据，目前总共有1个；
2020-12-26 17:49:19:642  [ Thread-7:7111 ] - [ INFO ]  pause
2020-12-26 17:49:19:770  [ pool-2-thread-1:7239 ] - [ INFO ]  采集到的数据是FFFF0BCCDD0CFFF1DD010F100246011ECF12DD
2020-12-26 17:49:19:771  [ pool-2-thread-1:7240 ] - [ INFO ]  pool-2-thread-1服务器接收数据，目前总共有1个；
2020-12-26 17:49:19:771  [ Thread-7:7240 ] - [ INFO ]  pause
2020-12-26 17:49:19:906  [ pool-2-thread-1:7375 ] - [ INFO ]  采集到的数据是FFFF0BCCDD0CFFF1DD010F100246011ECF12DD
2020-12-26 17:49:19:906  [ pool-2-thread-1:7375 ] - [ INFO ]  pool-2-thread-1服务器接收数据，目前总共有1个；
2020-12-26 17:49:19:906  [ Thread-7:7375 ] - [ INFO ]  pause
2020-12-26 17:49:20:042  [ pool-2-thread-1:7511 ] - [ INFO ]  采集到的数据是FFFF0BCCDD0CFFF1DD010F100246011ECF12DD
2020-12-26 17:49:20:042  [ pool-2-thread-1:7511 ] - [ INFO ]  pool-2-thread-1服务器接收数据，目前总共有1个；
2020-12-26 17:49:20:042  [ Thread-7:7511 ] - [ INFO ]  pause
2020-12-26 17:49:20:186  [ pool-2-thread-1:7655 ] - [ INFO ]  采集到的数据是FFFF0BCCDD0CFFF1DD010F100246011ECF12DD
2020-12-26 17:49:20:186  [ pool-2-thread-1:7655 ] - [ INFO ]  pool-2-thread-1服务器接收数据，目前总共有1个；
2020-12-26 17:49:20:186  [ Thread-7:7655 ] - [ INFO ]  pause
2020-12-26 17:49:20:322  [ pool-2-thread-1:7791 ] - [ INFO ]  采集到的数据是FFFF0BCCDD0CFFF1DD010F100246011ECF12DD
2020-12-26 17:49:20:322  [ pool-2-thread-1:7791 ] - [ INFO ]  pool-2-thread-1服务器接收数据，目前总共有1个；
2020-12-26 17:49:20:322  [ Thread-7:7791 ] - [ INFO ]  pause
2020-12-26 17:49:20:450  [ pool-2-thread-1:7919 ] - [ INFO ]  采集到的数据是FFFF0BCCDD0CFFF1DD010F100246011ECF12DD
2020-12-26 17:49:20:450  [ pool-2-thread-1:7919 ] - [ INFO ]  pool-2-thread-1服务器接收数据，目前总共有1个；
2020-12-26 17:49:20:450  [ Thread-7:7919 ] - [ INFO ]  pause
2020-12-26 17:49:20:579  [ pool-2-thread-1:8048 ] - [ INFO ]  采集到的数据是FFFF0BCCDD0CFFF1DD010F100246011ECF12DD
2020-12-26 17:49:20:579  [ pool-2-thread-1:8048 ] - [ INFO ]  pool-2-thread-1服务器接收数据，目前总共有1个；
2020-12-26 17:49:20:579  [ Thread-7:8048 ] - [ INFO ]  pause
2020-12-26 17:49:20:715  [ pool-2-thread-1:8184 ] - [ INFO ]  采集到的数据是FFFF0BCCDD0CFFF1DD010F100246011ECF12DD
2020-12-26 17:49:20:715  [ pool-2-thread-1:8184 ] - [ INFO ]  pool-2-thread-1服务器接收数据，目前总共有1个；
2020-12-26 17:49:20:715  [ Thread-7:8184 ] - [ INFO ]  pause
2020-12-26 17:49:20:858  [ pool-2-thread-1:8327 ] - [ INFO ]  采集到的数据是FFFF0BCCDD0CFFF1DD010F100246011ECF12DD
2020-12-26 17:49:20:858  [ pool-2-thread-1:8327 ] - [ INFO ]  pool-2-thread-1服务器接收数据，目前总共有1个；
2020-12-26 17:49:20:858  [ Thread-7:8327 ] - [ INFO ]  pause
2020-12-26 17:49:42:731  [ Thread-6:30200 ] - [ INFO ]  Server Thread starts!
2020-12-26 17:50:05:018  [ pool-2-thread-1:52487 ] - [ INFO ]  采集到的数据是FFFF0BCCDD0CFFF1DD010F100246011ECF12DD
2020-12-26 17:50:05:019  [ pool-2-thread-1:52488 ] - [ INFO ]  pool-2-thread-1服务器接收数据，目前总共有1个；
2020-12-26 17:50:05:019  [ Thread-7:52488 ] - [ INFO ]  pause
2020-12-26 17:50:05:922  [ pool-2-thread-1:53391 ] - [ INFO ]  采集到的数据是FFFF0BCCDD0CFFF1DD010F100246011ECF12DD
2020-12-26 17:50:05:922  [ pool-2-thread-1:53391 ] - [ INFO ]  pool-2-thread-1服务器接收数据，目前总共有1个；
2020-12-26 17:50:05:922  [ Thread-7:53391 ] - [ INFO ]  pause
2020-12-26 17:50:20:210  [ pool-2-thread-1:67679 ] - [ INFO ]  采集到的数据是FFFF0BCCDD0CFFF1DD010F100246011ECF12DD
2020-12-26 17:50:20:210  [ pool-2-thread-1:67679 ] - [ INFO ]  pool-2-thread-1服务器接收数据，目前总共有1个；
2020-12-26 17:50:20:210  [ Thread-7:67679 ] - [ INFO ]  pause
2020-12-26 17:50:21:138  [ pool-2-thread-1:68607 ] - [ INFO ]  采集到的数据是FFFF0BCCDD0CFFF1DD010F100246011ECF12DD
2020-12-26 17:50:21:138  [ pool-2-thread-1:68607 ] - [ INFO ]  pool-2-thread-1服务器接收数据，目前总共有1个；
2020-12-26 17:50:21:138  [ Thread-7:68607 ] - [ INFO ]  pause
2020-12-26 17:50:36:466  [ pool-2-thread-1:83935 ] - [ INFO ]  采集到的数据是FFFF0BCCDD0CFFF1DD010F100246011ECF12DD
2020-12-26 17:50:36:466  [ pool-2-thread-1:83935 ] - [ INFO ]  pool-2-thread-1服务器接收数据，目前总共有1个；
2020-12-26 17:51:41:964  [ Thread-7:149433 ] - [ INFO ]  pause
2020-12-26 17:52:06:770  [ pool-2-thread-1:174239 ] - [ INFO ]  采集到的数据是FFFF0BCCDD0CFFF1DD010F100246011ECF12DD
2020-12-26 17:52:06:770  [ pool-2-thread-1:174239 ] - [ INFO ]  pool-2-thread-1服务器接收数据，目前总共有1个；
2020-12-26 17:52:10:963  [ pool-2-thread-1:178432 ] - [ INFO ]  采集到的数据是FFFF0BCCDD0CFFF1DD010F100246011ECF12DD
2020-12-26 17:52:10:964  [ pool-2-thread-1:178433 ] - [ INFO ]  pool-2-thread-1服务器接收数据，目前总共有1个；
2020-12-26 17:52:10:964  [ Thread-7:178433 ] - [ INFO ]  pause
2020-12-26 17:52:10:964  [ pool-2-thread-1:178433 ] - [ INFO ]  采集到的数据是FFFF0BCCDD0CFFF1DD010F100246011ECF12DDFFFF0BCCDD0CFFF1DD010F100246011ECF12DD
2020-12-26 17:52:10:964  [ pool-2-thread-1:178433 ] - [ INFO ]  pool-2-thread-1服务器接收数据，目前总共有1个；
2020-12-26 17:52:10:964  [ Thread-7:178433 ] - [ INFO ]  pause
2020-12-26 17:52:23:395  [ Thread-6:0 ] - [ INFO ]  The TCP Server is running.
2020-12-26 17:52:23:396  [ JavaFX Application Thread:1 ] - [ INFO ]  TcpServer start!
2020-12-26 17:52:23:396  [ JavaFX Application Thread:1 ] - [ INFO ]  powerConnectedBtnOnClick!
2020-12-26 17:52:23:396  [ Thread-7:1 ] - [ INFO ]  pause
2020-12-26 17:52:26:315  [ Thread-6:2920 ] - [ INFO ]  Server Thread starts!
2020-12-26 17:52:26:315  [ pool-2-thread-1:2920 ] - [ INFO ]  Server Handler Thread starts!
2020-12-26 17:52:26:315  [ pool-2-thread-1:2920 ] - [ INFO ]  Attempting to connect a user...
2020-12-26 17:52:26:316  [ pool-2-thread-1:2921 ] - [ INFO ]  User's Addr : 192.168.5.10:52432
2020-12-26 17:52:27:307  [ pool-2-thread-1:3912 ] - [ INFO ]  采集到的数据是FFFF0BCCDD0CFFF1DD010F100246011ECF12DD
2020-12-26 17:52:27:307  [ pool-2-thread-1:3912 ] - [ INFO ]  pool-2-thread-1服务器接收数据，目前总共有1个；
2020-12-26 17:52:27:311  [ Thread-7:3916 ] - [ INFO ]  pause
2020-12-26 17:52:30:699  [ Thread-6:7304 ] - [ INFO ]  Server Thread starts!
2020-12-26 17:52:42:810  [ pool-2-thread-1:19415 ] - [ INFO ]  采集到的数据是FFFF0BCCDD0CFFF1DD010F100246011ECF12DD
2020-12-26 17:52:42:810  [ pool-2-thread-1:19415 ] - [ INFO ]  pool-2-thread-1服务器接收数据，目前总共有1个；
2020-12-26 17:52:47:149  [ Thread-7:23754 ] - [ INFO ]  pause
2020-12-26 17:53:16:731  [ pool-2-thread-1:53336 ] - [ INFO ]  closeConnections() method Exit
2020-12-26 17:53:16:731  [ pool-2-thread-1:53336 ] - [ INFO ]  Server Handler Thread starts!
2020-12-26 17:53:16:731  [ pool-2-thread-1:53336 ] - [ INFO ]  Attempting to connect a user...
2020-12-26 17:53:16:731  [ pool-2-thread-1:53336 ] - [ INFO ]  User's Addr : 192.168.5.10:52433
2020-12-26 17:53:16:732  [ pool-2-thread-1:53337 ] - [ INFO ]  采集到的数据是FFFF0BCCDD0CFFF1DD020F100246011ECF12DDFFFF0BCCDD0CFFF1DD020F100246011ECF12DD
2020-12-26 17:53:16:732  [ pool-2-thread-1:53337 ] - [ INFO ]  pool-2-thread-1服务器接收数据，目前总共有1个；
2020-12-26 17:53:22:626  [ pool-2-thread-1:59231 ] - [ INFO ]  采集到的数据是FFFF0BCCDD0CFFF1DD020F100246011ECF12DD
2020-12-26 17:53:22:626  [ pool-2-thread-1:59231 ] - [ INFO ]  pool-2-thread-1服务器接收数据，目前总共有1个；
2020-12-26 17:53:23:042  [ pool-2-thread-1:59647 ] - [ INFO ]  采集到的数据是FFFF0BCCDD0CFFF1DD020F100246011ECF12DD
2020-12-26 17:53:23:042  [ pool-2-thread-1:59647 ] - [ INFO ]  pool-2-thread-1服务器接收数据，目前总共有2个；
2020-12-26 17:53:23:186  [ pool-2-thread-1:59791 ] - [ INFO ]  采集到的数据是FFFF0BCCDD0CFFF1DD020F100246011ECF12DD
2020-12-26 17:53:23:186  [ pool-2-thread-1:59791 ] - [ INFO ]  pool-2-thread-1服务器接收数据，目前总共有3个；
2020-12-26 17:53:23:755  [ pool-2-thread-1:60360 ] - [ INFO ]  closeConnections() method Exit
2020-12-26 17:53:24:483  [ Thread-6:61088 ] - [ INFO ]  Server Thread starts!
2020-12-26 17:53:24:483  [ pool-2-thread-1:61088 ] - [ INFO ]  Server Handler Thread starts!
2020-12-26 17:53:24:483  [ pool-2-thread-1:61088 ] - [ INFO ]  Attempting to connect a user...
2020-12-26 17:53:24:483  [ pool-2-thread-1:61088 ] - [ INFO ]  User's Addr : 192.168.5.10:52436
2020-12-26 17:53:25:434  [ pool-2-thread-1:62039 ] - [ INFO ]  采集到的数据是FFFF0BCCDD0CFFF1DD020F100246011ECF12DD
2020-12-26 17:53:25:434  [ pool-2-thread-1:62039 ] - [ INFO ]  pool-2-thread-1服务器接收数据，目前总共有4个；
2020-12-26 17:53:26:474  [ pool-2-thread-1:63079 ] - [ INFO ]  采集到的数据是FFFF0BCCDD0CFFF1DD020F100246011ECF12DD
2020-12-26 17:53:26:474  [ pool-2-thread-1:63079 ] - [ INFO ]  pool-2-thread-1服务器接收数据，目前总共有5个；
2020-12-26 17:53:26:642  [ pool-2-thread-1:63247 ] - [ INFO ]  采集到的数据是FFFF0BCCDD0CFFF1DD020F100246011ECF12DD
2020-12-26 17:53:26:642  [ pool-2-thread-1:63247 ] - [ INFO ]  pool-2-thread-1服务器接收数据，目前总共有6个；
2020-12-26 17:53:27:315  [ pool-2-thread-1:63920 ] - [ INFO ]  采集到的数据是FFFF0BCCDD0CFFF1DD020F100246011ECF12DD
2020-12-26 17:53:27:315  [ pool-2-thread-1:63920 ] - [ INFO ]  pool-2-thread-1服务器接收数据，目前总共有7个；
2020-12-26 17:53:27:482  [ pool-2-thread-1:64087 ] - [ INFO ]  采集到的数据是FFFF0BCCDD0CFFF1DD020F100246011ECF12DD
2020-12-26 17:53:27:482  [ pool-2-thread-1:64087 ] - [ INFO ]  pool-2-thread-1服务器接收数据，目前总共有8个；
2020-12-26 17:53:27:634  [ pool-2-thread-1:64239 ] - [ INFO ]  采集到的数据是FFFF0BCCDD0CFFF1DD020F100246011ECF12DD
2020-12-26 17:53:27:634  [ pool-2-thread-1:64239 ] - [ INFO ]  pool-2-thread-1服务器接收数据，目前总共有9个；
2020-12-26 17:53:27:794  [ pool-2-thread-1:64399 ] - [ INFO ]  采集到的数据是FFFF0BCCDD0CFFF1DD020F100246011ECF12DD
2020-12-26 17:53:27:794  [ pool-2-thread-1:64399 ] - [ INFO ]  pool-2-thread-1服务器接收数据，目前总共有10个；
2020-12-26 17:53:27:938  [ pool-2-thread-1:64543 ] - [ INFO ]  采集到的数据是FFFF0BCCDD0CFFF1DD020F100246011ECF12DD
2020-12-26 17:53:27:938  [ pool-2-thread-1:64543 ] - [ INFO ]  pool-2-thread-1服务器接收数据，目前总共有11个；
2020-12-26 17:53:34:594  [ pool-2-thread-1:71199 ] - [ INFO ]  采集到的数据是FFFF0BCCDD0CFFF1DD020F100246011ECF12DD
2020-12-26 17:53:34:595  [ pool-2-thread-1:71200 ] - [ INFO ]  pool-2-thread-1服务器接收数据，目前总共有12个；
