2021-01-01 10:30:31:795  [ JavaFX Application Thread:0 ] - [ INFO ]  TcpServer start!
2021-01-01 10:30:31:795  [ Thread-6:0 ] - [ INFO ]  The TCP Server is running.
2021-01-01 10:30:31:802  [ JavaFX Application Thread:7 ] - [ INFO ]  powerConnectedBtnOnClick!
2021-01-01 10:30:31:803  [ Thread-6:8 ] - [ INFO ]  Current Thread is  Thread[Thread-6,1,javafx concurrent thread pool]
2021-01-01 10:30:34:047  [ Thread-6:2252 ] - [ INFO ]  Server Thread -Thread[Thread-6,1,javafx concurrent thread pool] starts!
2021-01-01 10:30:34:047  [ pool-2-thread-1:2252 ] - [ INFO ]  Current Handler Thread is  Thread[pool-2-thread-1,5,javafx concurrent thread pool]
2021-01-01 10:30:34:048  [ pool-2-thread-1:2253 ] - [ INFO ]  Server Handler Thread starts!
2021-01-01 10:30:34:048  [ pool-2-thread-1:2253 ] - [ INFO ]  Attempting to connect a user...
2021-01-01 10:30:34:048  [ pool-2-thread-1:2253 ] - [ INFO ]  User's Addr : 192.168.5.8:59165
2021-01-01 10:30:35:454  [ pool-2-thread-1:3659 ] - [ INFO ]  采集到的数据是FFFF0BCCDD0CFFF1DD010F100246011ECF12DD
2021-01-01 10:30:35:455  [ pool-2-thread-1:3660 ] - [ INFO ]  pool-2-thread-1服务器接收数据，目前总共有1个；
2021-01-01 10:30:37:333  [ pool-2-thread-1:5538 ] - [ INFO ]  采集到的数据是FFFF0BCCDD0CFFF1DD010F100246011ECF12DD
2021-01-01 10:30:37:334  [ pool-2-thread-1:5539 ] - [ INFO ]  pool-2-thread-1服务器接收数据，目前总共有1个；
2021-01-01 10:30:37:476  [ pool-2-thread-1:5681 ] - [ INFO ]  采集到的数据是FFFF0BCCDD0CFFF1DD010F100246011ECF12DD
2021-01-01 10:30:37:477  [ pool-2-thread-1:5682 ] - [ INFO ]  pool-2-thread-1服务器接收数据，目前总共有1个；
2021-01-01 10:30:37:628  [ pool-2-thread-1:5833 ] - [ INFO ]  采集到的数据是FFFF0BCCDD0CFFF1DD010F100246011ECF12DD
2021-01-01 10:30:37:630  [ pool-2-thread-1:5835 ] - [ INFO ]  pool-2-thread-1服务器接收数据，目前总共有1个；
2021-01-01 10:30:37:757  [ pool-2-thread-1:5962 ] - [ INFO ]  采集到的数据是FFFF0BCCDD0CFFF1DD010F100246011ECF12DD
2021-01-01 10:30:37:758  [ pool-2-thread-1:5963 ] - [ INFO ]  pool-2-thread-1服务器接收数据，目前总共有1个；
2021-01-01 10:30:37:892  [ pool-2-thread-1:6097 ] - [ INFO ]  采集到的数据是FFFF0BCCDD0CFFF1DD010F100246011ECF12DD
2021-01-01 10:30:37:893  [ pool-2-thread-1:6098 ] - [ INFO ]  pool-2-thread-1服务器接收数据，目前总共有1个；
2021-01-01 10:30:38:028  [ pool-2-thread-1:6233 ] - [ INFO ]  采集到的数据是FFFF0BCCDD0CFFF1DD010F100246011ECF12DD
2021-01-01 10:30:38:029  [ pool-2-thread-1:6234 ] - [ INFO ]  pool-2-thread-1服务器接收数据，目前总共有1个；
2021-01-01 10:30:38:149  [ pool-2-thread-1:6354 ] - [ INFO ]  采集到的数据是FFFF0BCCDD0CFFF1DD010F100246011ECF12DD
2021-01-01 10:30:38:150  [ pool-2-thread-1:6355 ] - [ INFO ]  pool-2-thread-1服务器接收数据，目前总共有1个；
2021-01-01 10:30:38:284  [ pool-2-thread-1:6489 ] - [ INFO ]  采集到的数据是FFFF0BCCDD0CFFF1DD010F100246011ECF12DD
2021-01-01 10:30:38:285  [ pool-2-thread-1:6490 ] - [ INFO ]  pool-2-thread-1服务器接收数据，目前总共有1个；
2021-01-01 10:30:38:437  [ pool-2-thread-1:6642 ] - [ INFO ]  采集到的数据是FFFF0BCCDD0CFFF1DD010F100246011ECF12DD
2021-01-01 10:30:38:437  [ pool-2-thread-1:6642 ] - [ INFO ]  pool-2-thread-1服务器接收数据，目前总共有1个；
2021-01-01 10:30:38:573  [ pool-2-thread-1:6778 ] - [ INFO ]  采集到的数据是FFFF0BCCDD0CFFF1DD010F100246011ECF12DD
2021-01-01 10:30:38:574  [ pool-2-thread-1:6779 ] - [ INFO ]  pool-2-thread-1服务器接收数据，目前总共有1个；
2021-01-01 10:30:38:717  [ pool-2-thread-1:6922 ] - [ INFO ]  采集到的数据是FFFF0BCCDD0CFFF1DD010F100246011ECF12DD
2021-01-01 10:30:38:717  [ pool-2-thread-1:6922 ] - [ INFO ]  pool-2-thread-1服务器接收数据，目前总共有1个；
2021-01-01 10:30:38:861  [ pool-2-thread-1:7066 ] - [ INFO ]  采集到的数据是FFFF0BCCDD0CFFF1DD010F100246011ECF12DD
2021-01-01 10:30:38:861  [ pool-2-thread-1:7066 ] - [ INFO ]  pool-2-thread-1服务器接收数据，目前总共有1个；
2021-01-01 10:31:46:194  [ JavaFX Application Thread:0 ] - [ INFO ]  TcpServer start!
2021-01-01 10:31:46:194  [ Thread-6:0 ] - [ INFO ]  The TCP Server is running.
2021-01-01 10:31:46:199  [ JavaFX Application Thread:5 ] - [ INFO ]  powerConnectedBtnOnClick!
2021-01-01 10:31:46:200  [ Thread-6:6 ] - [ INFO ]  Current Thread is  Thread[Thread-6,1,javafx concurrent thread pool]
2021-01-01 10:31:53:463  [ Thread-7:7269 ] - [ ERROR ]  
2021-01-01 10:33:41:218  [ JavaFX Application Thread:0 ] - [ INFO ]  TcpServer start!
2021-01-01 10:33:41:218  [ Thread-6:0 ] - [ INFO ]  The TCP Server is running.
2021-01-01 10:33:41:223  [ JavaFX Application Thread:5 ] - [ INFO ]  powerConnectedBtnOnClick!
2021-01-01 10:33:41:224  [ Thread-6:6 ] - [ INFO ]  Current Thread is  Thread[Thread-6,1,javafx concurrent thread pool]
2021-01-01 10:34:13:082  [ JavaFX Application Thread:0 ] - [ INFO ]  TcpServer start!
2021-01-01 10:34:13:082  [ Thread-6:0 ] - [ INFO ]  The TCP Server is running.
2021-01-01 10:34:13:087  [ JavaFX Application Thread:5 ] - [ INFO ]  powerConnectedBtnOnClick!
2021-01-01 10:34:13:087  [ Thread-6:5 ] - [ INFO ]  Current Thread is  Thread[Thread-6,1,javafx concurrent thread pool]
2021-01-01 10:34:27:819  [ JavaFX Application Thread:0 ] - [ INFO ]  TcpServer start!
2021-01-01 10:34:27:819  [ Thread-6:0 ] - [ INFO ]  The TCP Server is running.
2021-01-01 10:34:27:823  [ JavaFX Application Thread:4 ] - [ INFO ]  powerConnectedBtnOnClick!
2021-01-01 10:34:27:823  [ Thread-6:4 ] - [ INFO ]  Current Thread is  Thread[Thread-6,1,javafx concurrent thread pool]
2021-01-01 10:34:30:910  [ Thread-6:3091 ] - [ INFO ]  Server Thread -Thread[Thread-6,1,javafx concurrent thread pool] starts!
2021-01-01 10:34:30:910  [ pool-2-thread-1:3091 ] - [ INFO ]  Current Handler Thread is  Thread[pool-2-thread-1,5,javafx concurrent thread pool]
2021-01-01 10:34:30:911  [ pool-2-thread-1:3092 ] - [ INFO ]  Server Handler Thread starts!
2021-01-01 10:34:30:911  [ pool-2-thread-1:3092 ] - [ INFO ]  Attempting to connect a user...
2021-01-01 10:34:30:911  [ pool-2-thread-1:3092 ] - [ INFO ]  User's Addr : 192.168.5.8:59260
2021-01-01 10:37:22:098  [ Thread-6:0 ] - [ INFO ]  The TCP Server is running.
2021-01-01 10:37:22:098  [ JavaFX Application Thread:0 ] - [ INFO ]  TcpServer start!
2021-01-01 10:37:22:103  [ Thread-6:5 ] - [ INFO ]  Current Thread is  Thread[Thread-6,1,javafx concurrent thread pool]
2021-01-01 10:37:22:104  [ JavaFX Application Thread:6 ] - [ INFO ]  powerConnectedBtnOnClick!
2021-01-01 10:44:13:539  [ JavaFX Application Thread:0 ] - [ INFO ]  TcpServer start!
2021-01-01 10:44:13:539  [ Thread-6:0 ] - [ INFO ]  The TCP Server is running.
2021-01-01 10:44:13:544  [ JavaFX Application Thread:5 ] - [ INFO ]  powerConnectedBtnOnClick!
2021-01-01 10:44:13:544  [ Thread-6:5 ] - [ INFO ]  Current Thread is  Thread[Thread-6,1,javafx concurrent thread pool]
2021-01-01 10:44:27:387  [ JavaFX Application Thread:0 ] - [ INFO ]  TcpServer start!
2021-01-01 10:44:27:387  [ Thread-6:0 ] - [ INFO ]  The TCP Server is running.
2021-01-01 10:44:27:392  [ JavaFX Application Thread:5 ] - [ INFO ]  powerConnectedBtnOnClick!
2021-01-01 10:44:27:393  [ Thread-6:6 ] - [ INFO ]  Current Thread is  Thread[Thread-6,1,javafx concurrent thread pool]
2021-01-01 10:44:29:830  [ Thread-6:2443 ] - [ INFO ]  Server Thread -Thread[Thread-6,1,javafx concurrent thread pool] starts!
2021-01-01 10:44:29:831  [ pool-2-thread-1:2444 ] - [ INFO ]  Current Handler Thread is  Thread[pool-2-thread-1,5,javafx concurrent thread pool]
2021-01-01 10:44:29:831  [ pool-2-thread-1:2444 ] - [ INFO ]  Server Handler Thread starts!
2021-01-01 10:44:29:831  [ pool-2-thread-1:2444 ] - [ INFO ]  Attempting to connect a user...
2021-01-01 10:44:29:832  [ pool-2-thread-1:2445 ] - [ INFO ]  User's Addr : 192.168.5.8:59560
2021-01-01 10:44:30:942  [ pool-2-thread-1:3555 ] - [ INFO ]  采集到的数据是FFFF0BCCDD0CFFF1DD010F100246011ECF12DD
2021-01-01 10:44:30:942  [ pool-2-thread-1:3555 ] - [ INFO ]  pool-2-thread-1服务器接收数据，目前总共有1个；
2021-01-01 10:44:31:085  [ pool-2-thread-1:3698 ] - [ INFO ]  采集到的数据是FFFF0BCCDD0CFFF1DD010F100246011ECF12DD
2021-01-01 10:44:31:086  [ pool-2-thread-1:3699 ] - [ INFO ]  pool-2-thread-1服务器接收数据，目前总共有1个；
2021-01-01 10:44:31:237  [ pool-2-thread-1:3850 ] - [ INFO ]  采集到的数据是FFFF0BCCDD0CFFF1DD010F100246011ECF12DD
2021-01-01 10:44:31:237  [ pool-2-thread-1:3850 ] - [ INFO ]  pool-2-thread-1服务器接收数据，目前总共有1个；
2021-01-01 10:44:31:381  [ pool-2-thread-1:3994 ] - [ INFO ]  采集到的数据是FFFF0BCCDD0CFFF1DD010F100246011ECF12DD
2021-01-01 10:44:31:384  [ pool-2-thread-1:3997 ] - [ INFO ]  pool-2-thread-1服务器接收数据，目前总共有1个；
2021-01-01 10:45:41:099  [ JavaFX Application Thread:0 ] - [ INFO ]  TcpServer start!
2021-01-01 10:45:41:099  [ Thread-6:0 ] - [ INFO ]  The TCP Server is running.
2021-01-01 10:45:41:103  [ JavaFX Application Thread:4 ] - [ INFO ]  powerConnectedBtnOnClick!
2021-01-01 10:45:41:103  [ Thread-6:4 ] - [ INFO ]  Current Thread is  Thread[Thread-6,1,javafx concurrent thread pool]
2021-01-01 10:45:43:974  [ Thread-6:2875 ] - [ INFO ]  Server Thread -Thread[Thread-6,1,javafx concurrent thread pool] starts!
2021-01-01 10:45:43:975  [ pool-2-thread-1:2876 ] - [ INFO ]  Current Handler Thread is  Thread[pool-2-thread-1,5,javafx concurrent thread pool]
2021-01-01 10:45:43:975  [ pool-2-thread-1:2876 ] - [ INFO ]  Server Handler Thread starts!
2021-01-01 10:45:43:976  [ pool-2-thread-1:2877 ] - [ INFO ]  Attempting to connect a user...
2021-01-01 10:45:43:976  [ pool-2-thread-1:2877 ] - [ INFO ]  User's Addr : 192.168.5.8:59631
2021-01-01 10:45:44:709  [ pool-2-thread-1:3610 ] - [ INFO ]  采集到的数据是FFFF0BCCDD0CFFF1DD010F100246011ECF12DD
2021-01-01 10:45:44:710  [ pool-2-thread-1:3611 ] - [ INFO ]  pool-2-thread-1服务器接收数据，目前总共有1个；
2021-01-01 10:45:44:861  [ pool-2-thread-1:3762 ] - [ INFO ]  采集到的数据是FFFF0BCCDD0CFFF1DD010F100246011ECF12DD
2021-01-01 10:45:44:862  [ pool-2-thread-1:3763 ] - [ INFO ]  pool-2-thread-1服务器接收数据，目前总共有1个；
2021-01-01 10:45:44:989  [ pool-2-thread-1:3890 ] - [ INFO ]  采集到的数据是FFFF0BCCDD0CFFF1DD010F100246011ECF12DD
2021-01-01 10:45:44:990  [ pool-2-thread-1:3891 ] - [ INFO ]  pool-2-thread-1服务器接收数据，目前总共有1个；
2021-01-01 10:45:45:133  [ pool-2-thread-1:4034 ] - [ INFO ]  采集到的数据是FFFF0BCCDD0CFFF1DD010F100246011ECF12DD
2021-01-01 10:45:45:136  [ pool-2-thread-1:4037 ] - [ INFO ]  pool-2-thread-1服务器接收数据，目前总共有1个；
2021-01-01 10:45:45:270  [ pool-2-thread-1:4171 ] - [ INFO ]  采集到的数据是FFFF0BCCDD0CFFF1DD010F100246011ECF12DD
2021-01-01 10:45:45:270  [ pool-2-thread-1:4171 ] - [ INFO ]  pool-2-thread-1服务器接收数据，目前总共有1个；
2021-01-01 10:45:45:421  [ pool-2-thread-1:4322 ] - [ INFO ]  采集到的数据是FFFF0BCCDD0CFFF1DD010F100246011ECF12DD
2021-01-01 10:45:45:421  [ pool-2-thread-1:4322 ] - [ INFO ]  pool-2-thread-1服务器接收数据，目前总共有1个；
2021-01-01 10:45:45:582  [ pool-2-thread-1:4483 ] - [ INFO ]  采集到的数据是FFFF0BCCDD0CFFF1DD010F100246011ECF12DD
2021-01-01 10:45:45:582  [ pool-2-thread-1:4483 ] - [ INFO ]  pool-2-thread-1服务器接收数据，目前总共有1个；
2021-01-01 10:45:50:550  [ pool-2-thread-1:9451 ] - [ INFO ]  采集到的数据是FFFF0BCCDD0CFFF1DD010F100246011ECF12DD
2021-01-01 10:45:50:550  [ pool-2-thread-1:9451 ] - [ INFO ]  pool-2-thread-1服务器接收数据，目前总共有1个；
2021-01-01 10:45:50:677  [ pool-2-thread-1:9578 ] - [ INFO ]  采集到的数据是FFFF0BCCDD0CFFF1DD010F100246011ECF12DD
2021-01-01 10:45:50:678  [ pool-2-thread-1:9579 ] - [ INFO ]  pool-2-thread-1服务器接收数据，目前总共有1个；
2021-01-01 10:45:50:813  [ pool-2-thread-1:9714 ] - [ INFO ]  采集到的数据是FFFF0BCCDD0CFFF1DD010F100246011ECF12DD
2021-01-01 10:45:50:814  [ pool-2-thread-1:9715 ] - [ INFO ]  pool-2-thread-1服务器接收数据，目前总共有1个；
2021-01-01 10:45:50:966  [ pool-2-thread-1:9867 ] - [ INFO ]  采集到的数据是FFFF0BCCDD0CFFF1DD010F100246011ECF12DD
2021-01-01 10:45:50:967  [ pool-2-thread-1:9868 ] - [ INFO ]  pool-2-thread-1服务器接收数据，目前总共有1个；
2021-01-01 10:45:51:245  [ pool-2-thread-1:10146 ] - [ INFO ]  采集到的数据是FFFF0BCCDD0CFFF1DD010F100246011ECF12DD
2021-01-01 10:45:51:246  [ pool-2-thread-1:10147 ] - [ INFO ]  pool-2-thread-1服务器接收数据，目前总共有1个；
2021-01-01 10:45:51:390  [ pool-2-thread-1:10291 ] - [ INFO ]  采集到的数据是FFFF0BCCDD0CFFF1DD010F100246011ECF12DD
2021-01-01 10:45:51:391  [ pool-2-thread-1:10292 ] - [ INFO ]  pool-2-thread-1服务器接收数据，目前总共有1个；
2021-01-01 10:45:51:525  [ pool-2-thread-1:10426 ] - [ INFO ]  采集到的数据是FFFF0BCCDD0CFFF1DD010F100246011ECF12DD
2021-01-01 10:45:51:527  [ pool-2-thread-1:10428 ] - [ INFO ]  pool-2-thread-1服务器接收数据，目前总共有1个；
2021-01-01 10:45:51:661  [ pool-2-thread-1:10562 ] - [ INFO ]  采集到的数据是FFFF0BCCDD0CFFF1DD010F100246011ECF12DD
2021-01-01 10:45:51:662  [ pool-2-thread-1:10563 ] - [ INFO ]  pool-2-thread-1服务器接收数据，目前总共有1个；
2021-01-01 10:45:51:805  [ pool-2-thread-1:10706 ] - [ INFO ]  采集到的数据是FFFF0BCCDD0CFFF1DD010F100246011ECF12DD
2021-01-01 10:45:51:806  [ pool-2-thread-1:10707 ] - [ INFO ]  pool-2-thread-1服务器接收数据，目前总共有1个；
2021-01-01 10:45:51:949  [ pool-2-thread-1:10850 ] - [ INFO ]  采集到的数据是FFFF0BCCDD0CFFF1DD010F100246011ECF12DD
2021-01-01 10:45:51:950  [ pool-2-thread-1:10851 ] - [ INFO ]  pool-2-thread-1服务器接收数据，目前总共有1个；
2021-01-01 10:45:52:093  [ pool-2-thread-1:10994 ] - [ INFO ]  采集到的数据是FFFF0BCCDD0CFFF1DD010F100246011ECF12DD
2021-01-01 10:45:52:094  [ pool-2-thread-1:10995 ] - [ INFO ]  pool-2-thread-1服务器接收数据，目前总共有1个；
2021-01-01 10:45:52:245  [ pool-2-thread-1:11146 ] - [ INFO ]  采集到的数据是FFFF0BCCDD0CFFF1DD010F100246011ECF12DD
2021-01-01 10:45:52:246  [ pool-2-thread-1:11147 ] - [ INFO ]  pool-2-thread-1服务器接收数据，目前总共有1个；
2021-01-01 10:45:52:413  [ pool-2-thread-1:11314 ] - [ INFO ]  采集到的数据是FFFF0BCCDD0CFFF1DD010F100246011ECF12DD
2021-01-01 10:45:52:414  [ pool-2-thread-1:11315 ] - [ INFO ]  pool-2-thread-1服务器接收数据，目前总共有1个；
